2018-11-07 15:50:35.772 [restartedMain] INFO  cn.sppan.base.Application - Starting Application on HT7Z782IX1XW036 with PID 5940 (E:\demo\SPPanAdmin\SPPanAdmin\admin\target\classes started by Administrator in E:\demo\SPPanAdmin\SPPanAdmin)
2018-11-07 15:50:35.774 [restartedMain] DEBUG cn.sppan.base.Application - Running with Spring Boot v1.5.9.RELEASE, Spring v4.3.13.RELEASE
2018-11-07 15:50:35.774 [restartedMain] INFO  cn.sppan.base.Application - No active profile set, falling back to default profiles: default
2018-11-07 15:50:35.887 [background-preinit] DEBUG org.jboss.logging - Logging Provider: org.jboss.logging.Slf4jLoggerProvider found via system property
2018-11-07 15:50:37.896 [restartedMain] INFO  com.alibaba.druid.pool.DruidDataSource - {dataSource-1} inited
2018-11-07 15:50:38.022 [Druid-ConnectionPool-Create-757707624] ERROR com.alibaba.druid.pool.DruidDataSource - create connection error, url: jdbc:mysql://127.0.0.1:3306/base?characterEncoding=utf8
java.sql.SQLException: Access denied for user 'root'@'localhost' (using password: YES)
	at com.mysql.jdbc.SQLError.createSQLException(SQLError.java:964)
	at com.mysql.jdbc.MysqlIO.checkErrorPacket(MysqlIO.java:3973)
	at com.mysql.jdbc.MysqlIO.checkErrorPacket(MysqlIO.java:3909)
	at com.mysql.jdbc.MysqlIO.checkErrorPacket(MysqlIO.java:873)
	at com.mysql.jdbc.MysqlIO.proceedHandshakeWithPluggableAuthentication(MysqlIO.java:1710)
	at com.mysql.jdbc.MysqlIO.doHandshake(MysqlIO.java:1226)
	at com.mysql.jdbc.ConnectionImpl.coreConnect(ConnectionImpl.java:2191)
	at com.mysql.jdbc.ConnectionImpl.connectOneTryOnly(ConnectionImpl.java:2222)
	at com.mysql.jdbc.ConnectionImpl.createNewIO(ConnectionImpl.java:2017)
	at com.mysql.jdbc.ConnectionImpl.<init>(ConnectionImpl.java:779)
	at com.mysql.jdbc.JDBC4Connection.<init>(JDBC4Connection.java:47)
	at sun.reflect.NativeConstructorAccessorImpl.newInstance0(Native Method)
	at sun.reflect.NativeConstructorAccessorImpl.newInstance(NativeConstructorAccessorImpl.java:62)
	at sun.reflect.DelegatingConstructorAccessorImpl.newInstance(DelegatingConstructorAccessorImpl.java:45)
	at java.lang.reflect.Constructor.newInstance(Constructor.java:423)
	at com.mysql.jdbc.Util.handleNewInstance(Util.java:425)
	at com.mysql.jdbc.ConnectionImpl.getInstance(ConnectionImpl.java:389)
	at com.mysql.jdbc.NonRegisteringDriver.connect(NonRegisteringDriver.java:330)
	at com.alibaba.druid.pool.DruidAbstractDataSource.createPhysicalConnection(DruidAbstractDataSource.java:1375)
	at com.alibaba.druid.pool.DruidAbstractDataSource.createPhysicalConnection(DruidAbstractDataSource.java:1431)
	at com.alibaba.druid.pool.DruidDataSource$CreateConnectionThread.run(DruidDataSource.java:1888)
2018-11-07 15:50:38.025 [Druid-ConnectionPool-Create-757707624] ERROR com.alibaba.druid.pool.DruidDataSource - create connection error, url: jdbc:mysql://127.0.0.1:3306/base?characterEncoding=utf8
java.sql.SQLException: Access denied for user 'root'@'localhost' (using password: YES)
	at com.mysql.jdbc.SQLError.createSQLException(SQLError.java:964)
	at com.mysql.jdbc.MysqlIO.checkErrorPacket(MysqlIO.java:3973)
	at com.mysql.jdbc.MysqlIO.checkErrorPacket(MysqlIO.java:3909)
	at com.mysql.jdbc.MysqlIO.checkErrorPacket(MysqlIO.java:873)
	at com.mysql.jdbc.MysqlIO.proceedHandshakeWithPluggableAuthentication(MysqlIO.java:1710)
	at com.mysql.jdbc.MysqlIO.doHandshake(MysqlIO.java:1226)
	at com.mysql.jdbc.ConnectionImpl.coreConnect(ConnectionImpl.java:2191)
	at com.mysql.jdbc.ConnectionImpl.connectOneTryOnly(ConnectionImpl.java:2222)
	at com.mysql.jdbc.ConnectionImpl.createNewIO(ConnectionImpl.java:2017)
	at com.mysql.jdbc.ConnectionImpl.<init>(ConnectionImpl.java:779)
	at com.mysql.jdbc.JDBC4Connection.<init>(JDBC4Connection.java:47)
	at sun.reflect.NativeConstructorAccessorImpl.newInstance0(Native Method)
	at sun.reflect.NativeConstructorAccessorImpl.newInstance(NativeConstructorAccessorImpl.java:62)
	at sun.reflect.DelegatingConstructorAccessorImpl.newInstance(DelegatingConstructorAccessorImpl.java:45)
	at java.lang.reflect.Constructor.newInstance(Constructor.java:423)
	at com.mysql.jdbc.Util.handleNewInstance(Util.java:425)
	at com.mysql.jdbc.ConnectionImpl.getInstance(ConnectionImpl.java:389)
	at com.mysql.jdbc.NonRegisteringDriver.connect(NonRegisteringDriver.java:330)
	at com.alibaba.druid.pool.DruidAbstractDataSource.createPhysicalConnection(DruidAbstractDataSource.java:1375)
	at com.alibaba.druid.pool.DruidAbstractDataSource.createPhysicalConnection(DruidAbstractDataSource.java:1431)
	at com.alibaba.druid.pool.DruidDataSource$CreateConnectionThread.run(DruidDataSource.java:1888)
2018-11-07 15:50:38.028 [Druid-ConnectionPool-Create-757707624] ERROR com.alibaba.druid.pool.DruidDataSource - create connection error, url: jdbc:mysql://127.0.0.1:3306/base?characterEncoding=utf8
java.sql.SQLException: Access denied for user 'root'@'localhost' (using password: YES)
	at com.mysql.jdbc.SQLError.createSQLException(SQLError.java:964)
	at com.mysql.jdbc.MysqlIO.checkErrorPacket(MysqlIO.java:3973)
	at com.mysql.jdbc.MysqlIO.checkErrorPacket(MysqlIO.java:3909)
	at com.mysql.jdbc.MysqlIO.checkErrorPacket(MysqlIO.java:873)
	at com.mysql.jdbc.MysqlIO.proceedHandshakeWithPluggableAuthentication(MysqlIO.java:1710)
	at com.mysql.jdbc.MysqlIO.doHandshake(MysqlIO.java:1226)
	at com.mysql.jdbc.ConnectionImpl.coreConnect(ConnectionImpl.java:2191)
	at com.mysql.jdbc.ConnectionImpl.connectOneTryOnly(ConnectionImpl.java:2222)
	at com.mysql.jdbc.ConnectionImpl.createNewIO(ConnectionImpl.java:2017)
	at com.mysql.jdbc.ConnectionImpl.<init>(ConnectionImpl.java:779)
	at com.mysql.jdbc.JDBC4Connection.<init>(JDBC4Connection.java:47)
	at sun.reflect.NativeConstructorAccessorImpl.newInstance0(Native Method)
	at sun.reflect.NativeConstructorAccessorImpl.newInstance(NativeConstructorAccessorImpl.java:62)
	at sun.reflect.DelegatingConstructorAccessorImpl.newInstance(DelegatingConstructorAccessorImpl.java:45)
	at java.lang.reflect.Constructor.newInstance(Constructor.java:423)
	at com.mysql.jdbc.Util.handleNewInstance(Util.java:425)
	at com.mysql.jdbc.ConnectionImpl.getInstance(ConnectionImpl.java:389)
	at com.mysql.jdbc.NonRegisteringDriver.connect(NonRegisteringDriver.java:330)
	at com.alibaba.druid.pool.DruidAbstractDataSource.createPhysicalConnection(DruidAbstractDataSource.java:1375)
	at com.alibaba.druid.pool.DruidAbstractDataSource.createPhysicalConnection(DruidAbstractDataSource.java:1431)
	at com.alibaba.druid.pool.DruidDataSource$CreateConnectionThread.run(DruidDataSource.java:1888)
2018-11-07 15:50:38.030 [Druid-ConnectionPool-Create-757707624] ERROR com.alibaba.druid.pool.DruidDataSource - create connection error, url: jdbc:mysql://127.0.0.1:3306/base?characterEncoding=utf8
java.sql.SQLException: Access denied for user 'root'@'localhost' (using password: YES)
	at com.mysql.jdbc.SQLError.createSQLException(SQLError.java:964)
	at com.mysql.jdbc.MysqlIO.checkErrorPacket(MysqlIO.java:3973)
	at com.mysql.jdbc.MysqlIO.checkErrorPacket(MysqlIO.java:3909)
	at com.mysql.jdbc.MysqlIO.checkErrorPacket(MysqlIO.java:873)
	at com.mysql.jdbc.MysqlIO.proceedHandshakeWithPluggableAuthentication(MysqlIO.java:1710)
	at com.mysql.jdbc.MysqlIO.doHandshake(MysqlIO.java:1226)
	at com.mysql.jdbc.ConnectionImpl.coreConnect(ConnectionImpl.java:2191)
	at com.mysql.jdbc.ConnectionImpl.connectOneTryOnly(ConnectionImpl.java:2222)
	at com.mysql.jdbc.ConnectionImpl.createNewIO(ConnectionImpl.java:2017)
	at com.mysql.jdbc.ConnectionImpl.<init>(ConnectionImpl.java:779)
	at com.mysql.jdbc.JDBC4Connection.<init>(JDBC4Connection.java:47)
	at sun.reflect.NativeConstructorAccessorImpl.newInstance0(Native Method)
	at sun.reflect.NativeConstructorAccessorImpl.newInstance(NativeConstructorAccessorImpl.java:62)
	at sun.reflect.DelegatingConstructorAccessorImpl.newInstance(DelegatingConstructorAccessorImpl.java:45)
	at java.lang.reflect.Constructor.newInstance(Constructor.java:423)
	at com.mysql.jdbc.Util.handleNewInstance(Util.java:425)
	at com.mysql.jdbc.ConnectionImpl.getInstance(ConnectionImpl.java:389)
	at com.mysql.jdbc.NonRegisteringDriver.connect(NonRegisteringDriver.java:330)
	at com.alibaba.druid.pool.DruidAbstractDataSource.createPhysicalConnection(DruidAbstractDataSource.java:1375)
	at com.alibaba.druid.pool.DruidAbstractDataSource.createPhysicalConnection(DruidAbstractDataSource.java:1431)
	at com.alibaba.druid.pool.DruidDataSource$CreateConnectionThread.run(DruidDataSource.java:1888)
2018-11-07 15:50:38.033 [Druid-ConnectionPool-Create-757707624] ERROR com.alibaba.druid.pool.DruidDataSource - create connection error, url: jdbc:mysql://127.0.0.1:3306/base?characterEncoding=utf8
java.sql.SQLException: Access denied for user 'root'@'localhost' (using password: YES)
	at com.mysql.jdbc.SQLError.createSQLException(SQLError.java:964)
	at com.mysql.jdbc.MysqlIO.checkErrorPacket(MysqlIO.java:3973)
	at com.mysql.jdbc.MysqlIO.checkErrorPacket(MysqlIO.java:3909)
	at com.mysql.jdbc.MysqlIO.checkErrorPacket(MysqlIO.java:873)
	at com.mysql.jdbc.MysqlIO.proceedHandshakeWithPluggableAuthentication(MysqlIO.java:1710)
	at com.mysql.jdbc.MysqlIO.doHandshake(MysqlIO.java:1226)
	at com.mysql.jdbc.ConnectionImpl.coreConnect(ConnectionImpl.java:2191)
	at com.mysql.jdbc.ConnectionImpl.connectOneTryOnly(ConnectionImpl.java:2222)
	at com.mysql.jdbc.ConnectionImpl.createNewIO(ConnectionImpl.java:2017)
	at com.mysql.jdbc.ConnectionImpl.<init>(ConnectionImpl.java:779)
	at com.mysql.jdbc.JDBC4Connection.<init>(JDBC4Connection.java:47)
	at sun.reflect.NativeConstructorAccessorImpl.newInstance0(Native Method)
	at sun.reflect.NativeConstructorAccessorImpl.newInstance(NativeConstructorAccessorImpl.java:62)
	at sun.reflect.DelegatingConstructorAccessorImpl.newInstance(DelegatingConstructorAccessorImpl.java:45)
	at java.lang.reflect.Constructor.newInstance(Constructor.java:423)
	at com.mysql.jdbc.Util.handleNewInstance(Util.java:425)
	at com.mysql.jdbc.ConnectionImpl.getInstance(ConnectionImpl.java:389)
	at com.mysql.jdbc.NonRegisteringDriver.connect(NonRegisteringDriver.java:330)
	at com.alibaba.druid.pool.DruidAbstractDataSource.createPhysicalConnection(DruidAbstractDataSource.java:1375)
	at com.alibaba.druid.pool.DruidAbstractDataSource.createPhysicalConnection(DruidAbstractDataSource.java:1431)
	at com.alibaba.druid.pool.DruidDataSource$CreateConnectionThread.run(DruidDataSource.java:1888)
2018-11-07 15:50:38.036 [Druid-ConnectionPool-Create-757707624] ERROR com.alibaba.druid.pool.DruidDataSource - create connection error, url: jdbc:mysql://127.0.0.1:3306/base?characterEncoding=utf8
java.sql.SQLException: Access denied for user 'root'@'localhost' (using password: YES)
	at com.mysql.jdbc.SQLError.createSQLException(SQLError.java:964)
	at com.mysql.jdbc.MysqlIO.checkErrorPacket(MysqlIO.java:3973)
	at com.mysql.jdbc.MysqlIO.checkErrorPacket(MysqlIO.java:3909)
	at com.mysql.jdbc.MysqlIO.checkErrorPacket(MysqlIO.java:873)
	at com.mysql.jdbc.MysqlIO.proceedHandshakeWithPluggableAuthentication(MysqlIO.java:1710)
	at com.mysql.jdbc.MysqlIO.doHandshake(MysqlIO.java:1226)
	at com.mysql.jdbc.ConnectionImpl.coreConnect(ConnectionImpl.java:2191)
	at com.mysql.jdbc.ConnectionImpl.connectOneTryOnly(ConnectionImpl.java:2222)
	at com.mysql.jdbc.ConnectionImpl.createNewIO(ConnectionImpl.java:2017)
	at com.mysql.jdbc.ConnectionImpl.<init>(ConnectionImpl.java:779)
	at com.mysql.jdbc.JDBC4Connection.<init>(JDBC4Connection.java:47)
	at sun.reflect.NativeConstructorAccessorImpl.newInstance0(Native Method)
	at sun.reflect.NativeConstructorAccessorImpl.newInstance(NativeConstructorAccessorImpl.java:62)
	at sun.reflect.DelegatingConstructorAccessorImpl.newInstance(DelegatingConstructorAccessorImpl.java:45)
	at java.lang.reflect.Constructor.newInstance(Constructor.java:423)
	at com.mysql.jdbc.Util.handleNewInstance(Util.java:425)
	at com.mysql.jdbc.ConnectionImpl.getInstance(ConnectionImpl.java:389)
	at com.mysql.jdbc.NonRegisteringDriver.connect(NonRegisteringDriver.java:330)
	at com.alibaba.druid.pool.DruidAbstractDataSource.createPhysicalConnection(DruidAbstractDataSource.java:1375)
	at com.alibaba.druid.pool.DruidAbstractDataSource.createPhysicalConnection(DruidAbstractDataSource.java:1431)
	at com.alibaba.druid.pool.DruidDataSource$CreateConnectionThread.run(DruidDataSource.java:1888)
2018-11-07 15:50:38.039 [Druid-ConnectionPool-Create-757707624] ERROR com.alibaba.druid.pool.DruidDataSource - create connection error, url: jdbc:mysql://127.0.0.1:3306/base?characterEncoding=utf8
java.sql.SQLException: Access denied for user 'root'@'localhost' (using password: YES)
	at com.mysql.jdbc.SQLError.createSQLException(SQLError.java:964)
	at com.mysql.jdbc.MysqlIO.checkErrorPacket(MysqlIO.java:3973)
	at com.mysql.jdbc.MysqlIO.checkErrorPacket(MysqlIO.java:3909)
	at com.mysql.jdbc.MysqlIO.checkErrorPacket(MysqlIO.java:873)
	at com.mysql.jdbc.MysqlIO.proceedHandshakeWithPluggableAuthentication(MysqlIO.java:1710)
	at com.mysql.jdbc.MysqlIO.doHandshake(MysqlIO.java:1226)
	at com.mysql.jdbc.ConnectionImpl.coreConnect(ConnectionImpl.java:2191)
	at com.mysql.jdbc.ConnectionImpl.connectOneTryOnly(ConnectionImpl.java:2222)
	at com.mysql.jdbc.ConnectionImpl.createNewIO(ConnectionImpl.java:2017)
	at com.mysql.jdbc.ConnectionImpl.<init>(ConnectionImpl.java:779)
	at com.mysql.jdbc.JDBC4Connection.<init>(JDBC4Connection.java:47)
	at sun.reflect.NativeConstructorAccessorImpl.newInstance0(Native Method)
	at sun.reflect.NativeConstructorAccessorImpl.newInstance(NativeConstructorAccessorImpl.java:62)
	at sun.reflect.DelegatingConstructorAccessorImpl.newInstance(DelegatingConstructorAccessorImpl.java:45)
	at java.lang.reflect.Constructor.newInstance(Constructor.java:423)
	at com.mysql.jdbc.Util.handleNewInstance(Util.java:425)
	at com.mysql.jdbc.ConnectionImpl.getInstance(ConnectionImpl.java:389)
	at com.mysql.jdbc.NonRegisteringDriver.connect(NonRegisteringDriver.java:330)
	at com.alibaba.druid.pool.DruidAbstractDataSource.createPhysicalConnection(DruidAbstractDataSource.java:1375)
	at com.alibaba.druid.pool.DruidAbstractDataSource.createPhysicalConnection(DruidAbstractDataSource.java:1431)
	at com.alibaba.druid.pool.DruidDataSource$CreateConnectionThread.run(DruidDataSource.java:1888)
2018-11-07 15:50:38.042 [Druid-ConnectionPool-Create-757707624] ERROR com.alibaba.druid.pool.DruidDataSource - create connection error, url: jdbc:mysql://127.0.0.1:3306/base?characterEncoding=utf8
java.sql.SQLException: Access denied for user 'root'@'localhost' (using password: YES)
	at com.mysql.jdbc.SQLError.createSQLException(SQLError.java:964)
	at com.mysql.jdbc.MysqlIO.checkErrorPacket(MysqlIO.java:3973)
	at com.mysql.jdbc.MysqlIO.checkErrorPacket(MysqlIO.java:3909)
	at com.mysql.jdbc.MysqlIO.checkErrorPacket(MysqlIO.java:873)
	at com.mysql.jdbc.MysqlIO.proceedHandshakeWithPluggableAuthentication(MysqlIO.java:1710)
	at com.mysql.jdbc.MysqlIO.doHandshake(MysqlIO.java:1226)
	at com.mysql.jdbc.ConnectionImpl.coreConnect(ConnectionImpl.java:2191)
	at com.mysql.jdbc.ConnectionImpl.connectOneTryOnly(ConnectionImpl.java:2222)
	at com.mysql.jdbc.ConnectionImpl.createNewIO(ConnectionImpl.java:2017)
	at com.mysql.jdbc.ConnectionImpl.<init>(ConnectionImpl.java:779)
	at com.mysql.jdbc.JDBC4Connection.<init>(JDBC4Connection.java:47)
	at sun.reflect.NativeConstructorAccessorImpl.newInstance0(Native Method)
	at sun.reflect.NativeConstructorAccessorImpl.newInstance(NativeConstructorAccessorImpl.java:62)
	at sun.reflect.DelegatingConstructorAccessorImpl.newInstance(DelegatingConstructorAccessorImpl.java:45)
	at java.lang.reflect.Constructor.newInstance(Constructor.java:423)
	at com.mysql.jdbc.Util.handleNewInstance(Util.java:425)
	at com.mysql.jdbc.ConnectionImpl.getInstance(ConnectionImpl.java:389)
	at com.mysql.jdbc.NonRegisteringDriver.connect(NonRegisteringDriver.java:330)
	at com.alibaba.druid.pool.DruidAbstractDataSource.createPhysicalConnection(DruidAbstractDataSource.java:1375)
	at com.alibaba.druid.pool.DruidAbstractDataSource.createPhysicalConnection(DruidAbstractDataSource.java:1431)
	at com.alibaba.druid.pool.DruidDataSource$CreateConnectionThread.run(DruidDataSource.java:1888)
2018-11-07 15:50:38.044 [Druid-ConnectionPool-Create-757707624] ERROR com.alibaba.druid.pool.DruidDataSource - create connection error, url: jdbc:mysql://127.0.0.1:3306/base?characterEncoding=utf8
java.sql.SQLException: Access denied for user 'root'@'localhost' (using password: YES)
	at com.mysql.jdbc.SQLError.createSQLException(SQLError.java:964)
	at com.mysql.jdbc.MysqlIO.checkErrorPacket(MysqlIO.java:3973)
	at com.mysql.jdbc.MysqlIO.checkErrorPacket(MysqlIO.java:3909)
	at com.mysql.jdbc.MysqlIO.checkErrorPacket(MysqlIO.java:873)
	at com.mysql.jdbc.MysqlIO.proceedHandshakeWithPluggableAuthentication(MysqlIO.java:1710)
	at com.mysql.jdbc.MysqlIO.doHandshake(MysqlIO.java:1226)
	at com.mysql.jdbc.ConnectionImpl.coreConnect(ConnectionImpl.java:2191)
	at com.mysql.jdbc.ConnectionImpl.connectOneTryOnly(ConnectionImpl.java:2222)
	at com.mysql.jdbc.ConnectionImpl.createNewIO(ConnectionImpl.java:2017)
	at com.mysql.jdbc.ConnectionImpl.<init>(ConnectionImpl.java:779)
	at com.mysql.jdbc.JDBC4Connection.<init>(JDBC4Connection.java:47)
	at sun.reflect.NativeConstructorAccessorImpl.newInstance0(Native Method)
	at sun.reflect.NativeConstructorAccessorImpl.newInstance(NativeConstructorAccessorImpl.java:62)
	at sun.reflect.DelegatingConstructorAccessorImpl.newInstance(DelegatingConstructorAccessorImpl.java:45)
	at java.lang.reflect.Constructor.newInstance(Constructor.java:423)
	at com.mysql.jdbc.Util.handleNewInstance(Util.java:425)
	at com.mysql.jdbc.ConnectionImpl.getInstance(ConnectionImpl.java:389)
	at com.mysql.jdbc.NonRegisteringDriver.connect(NonRegisteringDriver.java:330)
	at com.alibaba.druid.pool.DruidAbstractDataSource.createPhysicalConnection(DruidAbstractDataSource.java:1375)
	at com.alibaba.druid.pool.DruidAbstractDataSource.createPhysicalConnection(DruidAbstractDataSource.java:1431)
	at com.alibaba.druid.pool.DruidDataSource$CreateConnectionThread.run(DruidDataSource.java:1888)
2018-11-07 15:50:38.047 [Druid-ConnectionPool-Create-757707624] ERROR com.alibaba.druid.pool.DruidDataSource - create connection error, url: jdbc:mysql://127.0.0.1:3306/base?characterEncoding=utf8
java.sql.SQLException: Access denied for user 'root'@'localhost' (using password: YES)
	at com.mysql.jdbc.SQLError.createSQLException(SQLError.java:964)
	at com.mysql.jdbc.MysqlIO.checkErrorPacket(MysqlIO.java:3973)
	at com.mysql.jdbc.MysqlIO.checkErrorPacket(MysqlIO.java:3909)
	at com.mysql.jdbc.MysqlIO.checkErrorPacket(MysqlIO.java:873)
	at com.mysql.jdbc.MysqlIO.proceedHandshakeWithPluggableAuthentication(MysqlIO.java:1710)
	at com.mysql.jdbc.MysqlIO.doHandshake(MysqlIO.java:1226)
	at com.mysql.jdbc.ConnectionImpl.coreConnect(ConnectionImpl.java:2191)
	at com.mysql.jdbc.ConnectionImpl.connectOneTryOnly(ConnectionImpl.java:2222)
	at com.mysql.jdbc.ConnectionImpl.createNewIO(ConnectionImpl.java:2017)
	at com.mysql.jdbc.ConnectionImpl.<init>(ConnectionImpl.java:779)
	at com.mysql.jdbc.JDBC4Connection.<init>(JDBC4Connection.java:47)
	at sun.reflect.NativeConstructorAccessorImpl.newInstance0(Native Method)
	at sun.reflect.NativeConstructorAccessorImpl.newInstance(NativeConstructorAccessorImpl.java:62)
	at sun.reflect.DelegatingConstructorAccessorImpl.newInstance(DelegatingConstructorAccessorImpl.java:45)
	at java.lang.reflect.Constructor.newInstance(Constructor.java:423)
	at com.mysql.jdbc.Util.handleNewInstance(Util.java:425)
	at com.mysql.jdbc.ConnectionImpl.getInstance(ConnectionImpl.java:389)
	at com.mysql.jdbc.NonRegisteringDriver.connect(NonRegisteringDriver.java:330)
	at com.alibaba.druid.pool.DruidAbstractDataSource.createPhysicalConnection(DruidAbstractDataSource.java:1375)
	at com.alibaba.druid.pool.DruidAbstractDataSource.createPhysicalConnection(DruidAbstractDataSource.java:1431)
	at com.alibaba.druid.pool.DruidDataSource$CreateConnectionThread.run(DruidDataSource.java:1888)
2018-11-07 15:50:38.050 [Druid-ConnectionPool-Create-757707624] ERROR com.alibaba.druid.pool.DruidDataSource - create connection error, url: jdbc:mysql://127.0.0.1:3306/base?characterEncoding=utf8
java.sql.SQLException: Access denied for user 'root'@'localhost' (using password: YES)
	at com.mysql.jdbc.SQLError.createSQLException(SQLError.java:964)
	at com.mysql.jdbc.MysqlIO.checkErrorPacket(MysqlIO.java:3973)
	at com.mysql.jdbc.MysqlIO.checkErrorPacket(MysqlIO.java:3909)
	at com.mysql.jdbc.MysqlIO.checkErrorPacket(MysqlIO.java:873)
	at com.mysql.jdbc.MysqlIO.proceedHandshakeWithPluggableAuthentication(MysqlIO.java:1710)
	at com.mysql.jdbc.MysqlIO.doHandshake(MysqlIO.java:1226)
	at com.mysql.jdbc.ConnectionImpl.coreConnect(ConnectionImpl.java:2191)
	at com.mysql.jdbc.ConnectionImpl.connectOneTryOnly(ConnectionImpl.java:2222)
	at com.mysql.jdbc.ConnectionImpl.createNewIO(ConnectionImpl.java:2017)
	at com.mysql.jdbc.ConnectionImpl.<init>(ConnectionImpl.java:779)
	at com.mysql.jdbc.JDBC4Connection.<init>(JDBC4Connection.java:47)
	at sun.reflect.NativeConstructorAccessorImpl.newInstance0(Native Method)
	at sun.reflect.NativeConstructorAccessorImpl.newInstance(NativeConstructorAccessorImpl.java:62)
	at sun.reflect.DelegatingConstructorAccessorImpl.newInstance(DelegatingConstructorAccessorImpl.java:45)
	at java.lang.reflect.Constructor.newInstance(Constructor.java:423)
	at com.mysql.jdbc.Util.handleNewInstance(Util.java:425)
	at com.mysql.jdbc.ConnectionImpl.getInstance(ConnectionImpl.java:389)
	at com.mysql.jdbc.NonRegisteringDriver.connect(NonRegisteringDriver.java:330)
	at com.alibaba.druid.pool.DruidAbstractDataSource.createPhysicalConnection(DruidAbstractDataSource.java:1375)
	at com.alibaba.druid.pool.DruidAbstractDataSource.createPhysicalConnection(DruidAbstractDataSource.java:1431)
	at com.alibaba.druid.pool.DruidDataSource$CreateConnectionThread.run(DruidDataSource.java:1888)
2018-11-07 15:50:38.052 [Druid-ConnectionPool-Create-757707624] ERROR com.alibaba.druid.pool.DruidDataSource - create connection error, url: jdbc:mysql://127.0.0.1:3306/base?characterEncoding=utf8
java.sql.SQLException: Access denied for user 'root'@'localhost' (using password: YES)
	at com.mysql.jdbc.SQLError.createSQLException(SQLError.java:964)
	at com.mysql.jdbc.MysqlIO.checkErrorPacket(MysqlIO.java:3973)
	at com.mysql.jdbc.MysqlIO.checkErrorPacket(MysqlIO.java:3909)
	at com.mysql.jdbc.MysqlIO.checkErrorPacket(MysqlIO.java:873)
	at com.mysql.jdbc.MysqlIO.proceedHandshakeWithPluggableAuthentication(MysqlIO.java:1710)
	at com.mysql.jdbc.MysqlIO.doHandshake(MysqlIO.java:1226)
	at com.mysql.jdbc.ConnectionImpl.coreConnect(ConnectionImpl.java:2191)
	at com.mysql.jdbc.ConnectionImpl.connectOneTryOnly(ConnectionImpl.java:2222)
	at com.mysql.jdbc.ConnectionImpl.createNewIO(ConnectionImpl.java:2017)
	at com.mysql.jdbc.ConnectionImpl.<init>(ConnectionImpl.java:779)
	at com.mysql.jdbc.JDBC4Connection.<init>(JDBC4Connection.java:47)
	at sun.reflect.NativeConstructorAccessorImpl.newInstance0(Native Method)
	at sun.reflect.NativeConstructorAccessorImpl.newInstance(NativeConstructorAccessorImpl.java:62)
	at sun.reflect.DelegatingConstructorAccessorImpl.newInstance(DelegatingConstructorAccessorImpl.java:45)
	at java.lang.reflect.Constructor.newInstance(Constructor.java:423)
	at com.mysql.jdbc.Util.handleNewInstance(Util.java:425)
	at com.mysql.jdbc.ConnectionImpl.getInstance(ConnectionImpl.java:389)
	at com.mysql.jdbc.NonRegisteringDriver.connect(NonRegisteringDriver.java:330)
	at com.alibaba.druid.pool.DruidAbstractDataSource.createPhysicalConnection(DruidAbstractDataSource.java:1375)
	at com.alibaba.druid.pool.DruidAbstractDataSource.createPhysicalConnection(DruidAbstractDataSource.java:1431)
	at com.alibaba.druid.pool.DruidDataSource$CreateConnectionThread.run(DruidDataSource.java:1888)
2018-11-07 15:50:38.055 [Druid-ConnectionPool-Create-757707624] ERROR com.alibaba.druid.pool.DruidDataSource - create connection error, url: jdbc:mysql://127.0.0.1:3306/base?characterEncoding=utf8
java.sql.SQLException: Access denied for user 'root'@'localhost' (using password: YES)
	at com.mysql.jdbc.SQLError.createSQLException(SQLError.java:964)
	at com.mysql.jdbc.MysqlIO.checkErrorPacket(MysqlIO.java:3973)
	at com.mysql.jdbc.MysqlIO.checkErrorPacket(MysqlIO.java:3909)
	at com.mysql.jdbc.MysqlIO.checkErrorPacket(MysqlIO.java:873)
	at com.mysql.jdbc.MysqlIO.proceedHandshakeWithPluggableAuthentication(MysqlIO.java:1710)
	at com.mysql.jdbc.MysqlIO.doHandshake(MysqlIO.java:1226)
	at com.mysql.jdbc.ConnectionImpl.coreConnect(ConnectionImpl.java:2191)
	at com.mysql.jdbc.ConnectionImpl.connectOneTryOnly(ConnectionImpl.java:2222)
	at com.mysql.jdbc.ConnectionImpl.createNewIO(ConnectionImpl.java:2017)
	at com.mysql.jdbc.ConnectionImpl.<init>(ConnectionImpl.java:779)
	at com.mysql.jdbc.JDBC4Connection.<init>(JDBC4Connection.java:47)
	at sun.reflect.NativeConstructorAccessorImpl.newInstance0(Native Method)
	at sun.reflect.NativeConstructorAccessorImpl.newInstance(NativeConstructorAccessorImpl.java:62)
	at sun.reflect.DelegatingConstructorAccessorImpl.newInstance(DelegatingConstructorAccessorImpl.java:45)
	at java.lang.reflect.Constructor.newInstance(Constructor.java:423)
	at com.mysql.jdbc.Util.handleNewInstance(Util.java:425)
	at com.mysql.jdbc.ConnectionImpl.getInstance(ConnectionImpl.java:389)
	at com.mysql.jdbc.NonRegisteringDriver.connect(NonRegisteringDriver.java:330)
	at com.alibaba.druid.pool.DruidAbstractDataSource.createPhysicalConnection(DruidAbstractDataSource.java:1375)
	at com.alibaba.druid.pool.DruidAbstractDataSource.createPhysicalConnection(DruidAbstractDataSource.java:1431)
	at com.alibaba.druid.pool.DruidDataSource$CreateConnectionThread.run(DruidDataSource.java:1888)
2018-11-07 15:50:38.057 [Druid-ConnectionPool-Create-757707624] ERROR com.alibaba.druid.pool.DruidDataSource - create connection error, url: jdbc:mysql://127.0.0.1:3306/base?characterEncoding=utf8
java.sql.SQLException: Access denied for user 'root'@'localhost' (using password: YES)
	at com.mysql.jdbc.SQLError.createSQLException(SQLError.java:964)
	at com.mysql.jdbc.MysqlIO.checkErrorPacket(MysqlIO.java:3973)
	at com.mysql.jdbc.MysqlIO.checkErrorPacket(MysqlIO.java:3909)
	at com.mysql.jdbc.MysqlIO.checkErrorPacket(MysqlIO.java:873)
	at com.mysql.jdbc.MysqlIO.proceedHandshakeWithPluggableAuthentication(MysqlIO.java:1710)
	at com.mysql.jdbc.MysqlIO.doHandshake(MysqlIO.java:1226)
	at com.mysql.jdbc.ConnectionImpl.coreConnect(ConnectionImpl.java:2191)
	at com.mysql.jdbc.ConnectionImpl.connectOneTryOnly(ConnectionImpl.java:2222)
	at com.mysql.jdbc.ConnectionImpl.createNewIO(ConnectionImpl.java:2017)
	at com.mysql.jdbc.ConnectionImpl.<init>(ConnectionImpl.java:779)
	at com.mysql.jdbc.JDBC4Connection.<init>(JDBC4Connection.java:47)
	at sun.reflect.NativeConstructorAccessorImpl.newInstance0(Native Method)
	at sun.reflect.NativeConstructorAccessorImpl.newInstance(NativeConstructorAccessorImpl.java:62)
	at sun.reflect.DelegatingConstructorAccessorImpl.newInstance(DelegatingConstructorAccessorImpl.java:45)
	at java.lang.reflect.Constructor.newInstance(Constructor.java:423)
	at com.mysql.jdbc.Util.handleNewInstance(Util.java:425)
	at com.mysql.jdbc.ConnectionImpl.getInstance(ConnectionImpl.java:389)
	at com.mysql.jdbc.NonRegisteringDriver.connect(NonRegisteringDriver.java:330)
	at com.alibaba.druid.pool.DruidAbstractDataSource.createPhysicalConnection(DruidAbstractDataSource.java:1375)
	at com.alibaba.druid.pool.DruidAbstractDataSource.createPhysicalConnection(DruidAbstractDataSource.java:1431)
	at com.alibaba.druid.pool.DruidDataSource$CreateConnectionThread.run(DruidDataSource.java:1888)
2018-11-07 15:50:38.060 [Druid-ConnectionPool-Create-757707624] ERROR com.alibaba.druid.pool.DruidDataSource - create connection error, url: jdbc:mysql://127.0.0.1:3306/base?characterEncoding=utf8
java.sql.SQLException: Access denied for user 'root'@'localhost' (using password: YES)
	at com.mysql.jdbc.SQLError.createSQLException(SQLError.java:964)
	at com.mysql.jdbc.MysqlIO.checkErrorPacket(MysqlIO.java:3973)
	at com.mysql.jdbc.MysqlIO.checkErrorPacket(MysqlIO.java:3909)
	at com.mysql.jdbc.MysqlIO.checkErrorPacket(MysqlIO.java:873)
	at com.mysql.jdbc.MysqlIO.proceedHandshakeWithPluggableAuthentication(MysqlIO.java:1710)
	at com.mysql.jdbc.MysqlIO.doHandshake(MysqlIO.java:1226)
	at com.mysql.jdbc.ConnectionImpl.coreConnect(ConnectionImpl.java:2191)
	at com.mysql.jdbc.ConnectionImpl.connectOneTryOnly(ConnectionImpl.java:2222)
	at com.mysql.jdbc.ConnectionImpl.createNewIO(ConnectionImpl.java:2017)
	at com.mysql.jdbc.ConnectionImpl.<init>(ConnectionImpl.java:779)
	at com.mysql.jdbc.JDBC4Connection.<init>(JDBC4Connection.java:47)
	at sun.reflect.NativeConstructorAccessorImpl.newInstance0(Native Method)
	at sun.reflect.NativeConstructorAccessorImpl.newInstance(NativeConstructorAccessorImpl.java:62)
	at sun.reflect.DelegatingConstructorAccessorImpl.newInstance(DelegatingConstructorAccessorImpl.java:45)
	at java.lang.reflect.Constructor.newInstance(Constructor.java:423)
	at com.mysql.jdbc.Util.handleNewInstance(Util.java:425)
	at com.mysql.jdbc.ConnectionImpl.getInstance(ConnectionImpl.java:389)
	at com.mysql.jdbc.NonRegisteringDriver.connect(NonRegisteringDriver.java:330)
	at com.alibaba.druid.pool.DruidAbstractDataSource.createPhysicalConnection(DruidAbstractDataSource.java:1375)
	at com.alibaba.druid.pool.DruidAbstractDataSource.createPhysicalConnection(DruidAbstractDataSource.java:1431)
	at com.alibaba.druid.pool.DruidDataSource$CreateConnectionThread.run(DruidDataSource.java:1888)
2018-11-07 15:50:38.063 [Druid-ConnectionPool-Create-757707624] ERROR com.alibaba.druid.pool.DruidDataSource - create connection error, url: jdbc:mysql://127.0.0.1:3306/base?characterEncoding=utf8
java.sql.SQLException: Access denied for user 'root'@'localhost' (using password: YES)
	at com.mysql.jdbc.SQLError.createSQLException(SQLError.java:964)
	at com.mysql.jdbc.MysqlIO.checkErrorPacket(MysqlIO.java:3973)
	at com.mysql.jdbc.MysqlIO.checkErrorPacket(MysqlIO.java:3909)
	at com.mysql.jdbc.MysqlIO.checkErrorPacket(MysqlIO.java:873)
	at com.mysql.jdbc.MysqlIO.proceedHandshakeWithPluggableAuthentication(MysqlIO.java:1710)
	at com.mysql.jdbc.MysqlIO.doHandshake(MysqlIO.java:1226)
	at com.mysql.jdbc.ConnectionImpl.coreConnect(ConnectionImpl.java:2191)
	at com.mysql.jdbc.ConnectionImpl.connectOneTryOnly(ConnectionImpl.java:2222)
	at com.mysql.jdbc.ConnectionImpl.createNewIO(ConnectionImpl.java:2017)
	at com.mysql.jdbc.ConnectionImpl.<init>(ConnectionImpl.java:779)
	at com.mysql.jdbc.JDBC4Connection.<init>(JDBC4Connection.java:47)
	at sun.reflect.NativeConstructorAccessorImpl.newInstance0(Native Method)
	at sun.reflect.NativeConstructorAccessorImpl.newInstance(NativeConstructorAccessorImpl.java:62)
	at sun.reflect.DelegatingConstructorAccessorImpl.newInstance(DelegatingConstructorAccessorImpl.java:45)
	at java.lang.reflect.Constructor.newInstance(Constructor.java:423)
	at com.mysql.jdbc.Util.handleNewInstance(Util.java:425)
	at com.mysql.jdbc.ConnectionImpl.getInstance(ConnectionImpl.java:389)
	at com.mysql.jdbc.NonRegisteringDriver.connect(NonRegisteringDriver.java:330)
	at com.alibaba.druid.pool.DruidAbstractDataSource.createPhysicalConnection(DruidAbstractDataSource.java:1375)
	at com.alibaba.druid.pool.DruidAbstractDataSource.createPhysicalConnection(DruidAbstractDataSource.java:1431)
	at com.alibaba.druid.pool.DruidDataSource$CreateConnectionThread.run(DruidDataSource.java:1888)
2018-11-07 15:50:38.066 [Druid-ConnectionPool-Create-757707624] ERROR com.alibaba.druid.pool.DruidDataSource - create connection error, url: jdbc:mysql://127.0.0.1:3306/base?characterEncoding=utf8
java.sql.SQLException: Access denied for user 'root'@'localhost' (using password: YES)
	at com.mysql.jdbc.SQLError.createSQLException(SQLError.java:964)
	at com.mysql.jdbc.MysqlIO.checkErrorPacket(MysqlIO.java:3973)
	at com.mysql.jdbc.MysqlIO.checkErrorPacket(MysqlIO.java:3909)
	at com.mysql.jdbc.MysqlIO.checkErrorPacket(MysqlIO.java:873)
	at com.mysql.jdbc.MysqlIO.proceedHandshakeWithPluggableAuthentication(MysqlIO.java:1710)
	at com.mysql.jdbc.MysqlIO.doHandshake(MysqlIO.java:1226)
	at com.mysql.jdbc.ConnectionImpl.coreConnect(ConnectionImpl.java:2191)
	at com.mysql.jdbc.ConnectionImpl.connectOneTryOnly(ConnectionImpl.java:2222)
	at com.mysql.jdbc.ConnectionImpl.createNewIO(ConnectionImpl.java:2017)
	at com.mysql.jdbc.ConnectionImpl.<init>(ConnectionImpl.java:779)
	at com.mysql.jdbc.JDBC4Connection.<init>(JDBC4Connection.java:47)
	at sun.reflect.GeneratedConstructorAccessor31.newInstance(Unknown Source)
	at sun.reflect.DelegatingConstructorAccessorImpl.newInstance(DelegatingConstructorAccessorImpl.java:45)
	at java.lang.reflect.Constructor.newInstance(Constructor.java:423)
	at com.mysql.jdbc.Util.handleNewInstance(Util.java:425)
	at com.mysql.jdbc.ConnectionImpl.getInstance(ConnectionImpl.java:389)
	at com.mysql.jdbc.NonRegisteringDriver.connect(NonRegisteringDriver.java:330)
	at com.alibaba.druid.pool.DruidAbstractDataSource.createPhysicalConnection(DruidAbstractDataSource.java:1375)
	at com.alibaba.druid.pool.DruidAbstractDataSource.createPhysicalConnection(DruidAbstractDataSource.java:1431)
	at com.alibaba.druid.pool.DruidDataSource$CreateConnectionThread.run(DruidDataSource.java:1888)
2018-11-07 15:50:38.069 [Druid-ConnectionPool-Create-757707624] ERROR com.alibaba.druid.pool.DruidDataSource - create connection error, url: jdbc:mysql://127.0.0.1:3306/base?characterEncoding=utf8
java.sql.SQLException: Access denied for user 'root'@'localhost' (using password: YES)
	at com.mysql.jdbc.SQLError.createSQLException(SQLError.java:964)
	at com.mysql.jdbc.MysqlIO.checkErrorPacket(MysqlIO.java:3973)
	at com.mysql.jdbc.MysqlIO.checkErrorPacket(MysqlIO.java:3909)
	at com.mysql.jdbc.MysqlIO.checkErrorPacket(MysqlIO.java:873)
	at com.mysql.jdbc.MysqlIO.proceedHandshakeWithPluggableAuthentication(MysqlIO.java:1710)
	at com.mysql.jdbc.MysqlIO.doHandshake(MysqlIO.java:1226)
	at com.mysql.jdbc.ConnectionImpl.coreConnect(ConnectionImpl.java:2191)
	at com.mysql.jdbc.ConnectionImpl.connectOneTryOnly(ConnectionImpl.java:2222)
	at com.mysql.jdbc.ConnectionImpl.createNewIO(ConnectionImpl.java:2017)
	at com.mysql.jdbc.ConnectionImpl.<init>(ConnectionImpl.java:779)
	at com.mysql.jdbc.JDBC4Connection.<init>(JDBC4Connection.java:47)
	at sun.reflect.GeneratedConstructorAccessor31.newInstance(Unknown Source)
	at sun.reflect.DelegatingConstructorAccessorImpl.newInstance(DelegatingConstructorAccessorImpl.java:45)
	at java.lang.reflect.Constructor.newInstance(Constructor.java:423)
	at com.mysql.jdbc.Util.handleNewInstance(Util.java:425)
	at com.mysql.jdbc.ConnectionImpl.getInstance(ConnectionImpl.java:389)
	at com.mysql.jdbc.NonRegisteringDriver.connect(NonRegisteringDriver.java:330)
	at com.alibaba.druid.pool.DruidAbstractDataSource.createPhysicalConnection(DruidAbstractDataSource.java:1375)
	at com.alibaba.druid.pool.DruidAbstractDataSource.createPhysicalConnection(DruidAbstractDataSource.java:1431)
	at com.alibaba.druid.pool.DruidDataSource$CreateConnectionThread.run(DruidDataSource.java:1888)
2018-11-07 15:50:38.071 [Druid-ConnectionPool-Create-757707624] ERROR com.alibaba.druid.pool.DruidDataSource - create connection error, url: jdbc:mysql://127.0.0.1:3306/base?characterEncoding=utf8
java.sql.SQLException: Access denied for user 'root'@'localhost' (using password: YES)
	at com.mysql.jdbc.SQLError.createSQLException(SQLError.java:964)
	at com.mysql.jdbc.MysqlIO.checkErrorPacket(MysqlIO.java:3973)
	at com.mysql.jdbc.MysqlIO.checkErrorPacket(MysqlIO.java:3909)
	at com.mysql.jdbc.MysqlIO.checkErrorPacket(MysqlIO.java:873)
	at com.mysql.jdbc.MysqlIO.proceedHandshakeWithPluggableAuthentication(MysqlIO.java:1710)
	at com.mysql.jdbc.MysqlIO.doHandshake(MysqlIO.java:1226)
	at com.mysql.jdbc.ConnectionImpl.coreConnect(ConnectionImpl.java:2191)
	at com.mysql.jdbc.ConnectionImpl.connectOneTryOnly(ConnectionImpl.java:2222)
	at com.mysql.jdbc.ConnectionImpl.createNewIO(ConnectionImpl.java:2017)
	at com.mysql.jdbc.ConnectionImpl.<init>(ConnectionImpl.java:779)
	at com.mysql.jdbc.JDBC4Connection.<init>(JDBC4Connection.java:47)
	at sun.reflect.GeneratedConstructorAccessor31.newInstance(Unknown Source)
	at sun.reflect.DelegatingConstructorAccessorImpl.newInstance(DelegatingConstructorAccessorImpl.java:45)
	at java.lang.reflect.Constructor.newInstance(Constructor.java:423)
	at com.mysql.jdbc.Util.handleNewInstance(Util.java:425)
	at com.mysql.jdbc.ConnectionImpl.getInstance(ConnectionImpl.java:389)
	at com.mysql.jdbc.NonRegisteringDriver.connect(NonRegisteringDriver.java:330)
	at com.alibaba.druid.pool.DruidAbstractDataSource.createPhysicalConnection(DruidAbstractDataSource.java:1375)
	at com.alibaba.druid.pool.DruidAbstractDataSource.createPhysicalConnection(DruidAbstractDataSource.java:1431)
	at com.alibaba.druid.pool.DruidDataSource$CreateConnectionThread.run(DruidDataSource.java:1888)
2018-11-07 15:50:38.074 [Druid-ConnectionPool-Create-757707624] ERROR com.alibaba.druid.pool.DruidDataSource - create connection error, url: jdbc:mysql://127.0.0.1:3306/base?characterEncoding=utf8
java.sql.SQLException: Access denied for user 'root'@'localhost' (using password: YES)
	at com.mysql.jdbc.SQLError.createSQLException(SQLError.java:964)
	at com.mysql.jdbc.MysqlIO.checkErrorPacket(MysqlIO.java:3973)
	at com.mysql.jdbc.MysqlIO.checkErrorPacket(MysqlIO.java:3909)
	at com.mysql.jdbc.MysqlIO.checkErrorPacket(MysqlIO.java:873)
	at com.mysql.jdbc.MysqlIO.proceedHandshakeWithPluggableAuthentication(MysqlIO.java:1710)
	at com.mysql.jdbc.MysqlIO.doHandshake(MysqlIO.java:1226)
	at com.mysql.jdbc.ConnectionImpl.coreConnect(ConnectionImpl.java:2191)
	at com.mysql.jdbc.ConnectionImpl.connectOneTryOnly(ConnectionImpl.java:2222)
	at com.mysql.jdbc.ConnectionImpl.createNewIO(ConnectionImpl.java:2017)
	at com.mysql.jdbc.ConnectionImpl.<init>(ConnectionImpl.java:779)
	at com.mysql.jdbc.JDBC4Connection.<init>(JDBC4Connection.java:47)
	at sun.reflect.GeneratedConstructorAccessor31.newInstance(Unknown Source)
	at sun.reflect.DelegatingConstructorAccessorImpl.newInstance(DelegatingConstructorAccessorImpl.java:45)
	at java.lang.reflect.Constructor.newInstance(Constructor.java:423)
	at com.mysql.jdbc.Util.handleNewInstance(Util.java:425)
	at com.mysql.jdbc.ConnectionImpl.getInstance(ConnectionImpl.java:389)
	at com.mysql.jdbc.NonRegisteringDriver.connect(NonRegisteringDriver.java:330)
	at com.alibaba.druid.pool.DruidAbstractDataSource.createPhysicalConnection(DruidAbstractDataSource.java:1375)
	at com.alibaba.druid.pool.DruidAbstractDataSource.createPhysicalConnection(DruidAbstractDataSource.java:1431)
	at com.alibaba.druid.pool.DruidDataSource$CreateConnectionThread.run(DruidDataSource.java:1888)
2018-11-07 15:50:38.076 [Druid-ConnectionPool-Create-757707624] ERROR com.alibaba.druid.pool.DruidDataSource - create connection error, url: jdbc:mysql://127.0.0.1:3306/base?characterEncoding=utf8
java.sql.SQLException: Access denied for user 'root'@'localhost' (using password: YES)
	at com.mysql.jdbc.SQLError.createSQLException(SQLError.java:964)
	at com.mysql.jdbc.MysqlIO.checkErrorPacket(MysqlIO.java:3973)
	at com.mysql.jdbc.MysqlIO.checkErrorPacket(MysqlIO.java:3909)
	at com.mysql.jdbc.MysqlIO.checkErrorPacket(MysqlIO.java:873)
	at com.mysql.jdbc.MysqlIO.proceedHandshakeWithPluggableAuthentication(MysqlIO.java:1710)
	at com.mysql.jdbc.MysqlIO.doHandshake(MysqlIO.java:1226)
	at com.mysql.jdbc.ConnectionImpl.coreConnect(ConnectionImpl.java:2191)
	at com.mysql.jdbc.ConnectionImpl.connectOneTryOnly(ConnectionImpl.java:2222)
	at com.mysql.jdbc.ConnectionImpl.createNewIO(ConnectionImpl.java:2017)
	at com.mysql.jdbc.ConnectionImpl.<init>(ConnectionImpl.java:779)
	at com.mysql.jdbc.JDBC4Connection.<init>(JDBC4Connection.java:47)
	at sun.reflect.GeneratedConstructorAccessor31.newInstance(Unknown Source)
	at sun.reflect.DelegatingConstructorAccessorImpl.newInstance(DelegatingConstructorAccessorImpl.java:45)
	at java.lang.reflect.Constructor.newInstance(Constructor.java:423)
	at com.mysql.jdbc.Util.handleNewInstance(Util.java:425)
	at com.mysql.jdbc.ConnectionImpl.getInstance(ConnectionImpl.java:389)
	at com.mysql.jdbc.NonRegisteringDriver.connect(NonRegisteringDriver.java:330)
	at com.alibaba.druid.pool.DruidAbstractDataSource.createPhysicalConnection(DruidAbstractDataSource.java:1375)
	at com.alibaba.druid.pool.DruidAbstractDataSource.createPhysicalConnection(DruidAbstractDataSource.java:1431)
	at com.alibaba.druid.pool.DruidDataSource$CreateConnectionThread.run(DruidDataSource.java:1888)
2018-11-07 15:50:38.079 [Druid-ConnectionPool-Create-757707624] ERROR com.alibaba.druid.pool.DruidDataSource - create connection error, url: jdbc:mysql://127.0.0.1:3306/base?characterEncoding=utf8
java.sql.SQLException: Access denied for user 'root'@'localhost' (using password: YES)
	at com.mysql.jdbc.SQLError.createSQLException(SQLError.java:964)
	at com.mysql.jdbc.MysqlIO.checkErrorPacket(MysqlIO.java:3973)
	at com.mysql.jdbc.MysqlIO.checkErrorPacket(MysqlIO.java:3909)
	at com.mysql.jdbc.MysqlIO.checkErrorPacket(MysqlIO.java:873)
	at com.mysql.jdbc.MysqlIO.proceedHandshakeWithPluggableAuthentication(MysqlIO.java:1710)
	at com.mysql.jdbc.MysqlIO.doHandshake(MysqlIO.java:1226)
	at com.mysql.jdbc.ConnectionImpl.coreConnect(ConnectionImpl.java:2191)
	at com.mysql.jdbc.ConnectionImpl.connectOneTryOnly(ConnectionImpl.java:2222)
	at com.mysql.jdbc.ConnectionImpl.createNewIO(ConnectionImpl.java:2017)
	at com.mysql.jdbc.ConnectionImpl.<init>(ConnectionImpl.java:779)
	at com.mysql.jdbc.JDBC4Connection.<init>(JDBC4Connection.java:47)
	at sun.reflect.GeneratedConstructorAccessor31.newInstance(Unknown Source)
	at sun.reflect.DelegatingConstructorAccessorImpl.newInstance(DelegatingConstructorAccessorImpl.java:45)
	at java.lang.reflect.Constructor.newInstance(Constructor.java:423)
	at com.mysql.jdbc.Util.handleNewInstance(Util.java:425)
	at com.mysql.jdbc.ConnectionImpl.getInstance(ConnectionImpl.java:389)
	at com.mysql.jdbc.NonRegisteringDriver.connect(NonRegisteringDriver.java:330)
	at com.alibaba.druid.pool.DruidAbstractDataSource.createPhysicalConnection(DruidAbstractDataSource.java:1375)
	at com.alibaba.druid.pool.DruidAbstractDataSource.createPhysicalConnection(DruidAbstractDataSource.java:1431)
	at com.alibaba.druid.pool.DruidDataSource$CreateConnectionThread.run(DruidDataSource.java:1888)
2018-11-07 15:50:38.082 [Druid-ConnectionPool-Create-757707624] ERROR com.alibaba.druid.pool.DruidDataSource - create connection error, url: jdbc:mysql://127.0.0.1:3306/base?characterEncoding=utf8
java.sql.SQLException: Access denied for user 'root'@'localhost' (using password: YES)
	at com.mysql.jdbc.SQLError.createSQLException(SQLError.java:964)
	at com.mysql.jdbc.MysqlIO.checkErrorPacket(MysqlIO.java:3973)
	at com.mysql.jdbc.MysqlIO.checkErrorPacket(MysqlIO.java:3909)
	at com.mysql.jdbc.MysqlIO.checkErrorPacket(MysqlIO.java:873)
	at com.mysql.jdbc.MysqlIO.proceedHandshakeWithPluggableAuthentication(MysqlIO.java:1710)
	at com.mysql.jdbc.MysqlIO.doHandshake(MysqlIO.java:1226)
	at com.mysql.jdbc.ConnectionImpl.coreConnect(ConnectionImpl.java:2191)
	at com.mysql.jdbc.ConnectionImpl.connectOneTryOnly(ConnectionImpl.java:2222)
	at com.mysql.jdbc.ConnectionImpl.createNewIO(ConnectionImpl.java:2017)
	at com.mysql.jdbc.ConnectionImpl.<init>(ConnectionImpl.java:779)
	at com.mysql.jdbc.JDBC4Connection.<init>(JDBC4Connection.java:47)
	at sun.reflect.GeneratedConstructorAccessor31.newInstance(Unknown Source)
	at sun.reflect.DelegatingConstructorAccessorImpl.newInstance(DelegatingConstructorAccessorImpl.java:45)
	at java.lang.reflect.Constructor.newInstance(Constructor.java:423)
	at com.mysql.jdbc.Util.handleNewInstance(Util.java:425)
	at com.mysql.jdbc.ConnectionImpl.getInstance(ConnectionImpl.java:389)
	at com.mysql.jdbc.NonRegisteringDriver.connect(NonRegisteringDriver.java:330)
	at com.alibaba.druid.pool.DruidAbstractDataSource.createPhysicalConnection(DruidAbstractDataSource.java:1375)
	at com.alibaba.druid.pool.DruidAbstractDataSource.createPhysicalConnection(DruidAbstractDataSource.java:1431)
	at com.alibaba.druid.pool.DruidDataSource$CreateConnectionThread.run(DruidDataSource.java:1888)
2018-11-07 15:50:38.085 [Druid-ConnectionPool-Create-757707624] ERROR com.alibaba.druid.pool.DruidDataSource - create connection error, url: jdbc:mysql://127.0.0.1:3306/base?characterEncoding=utf8
java.sql.SQLException: Access denied for user 'root'@'localhost' (using password: YES)
	at com.mysql.jdbc.SQLError.createSQLException(SQLError.java:964)
	at com.mysql.jdbc.MysqlIO.checkErrorPacket(MysqlIO.java:3973)
	at com.mysql.jdbc.MysqlIO.checkErrorPacket(MysqlIO.java:3909)
	at com.mysql.jdbc.MysqlIO.checkErrorPacket(MysqlIO.java:873)
	at com.mysql.jdbc.MysqlIO.proceedHandshakeWithPluggableAuthentication(MysqlIO.java:1710)
	at com.mysql.jdbc.MysqlIO.doHandshake(MysqlIO.java:1226)
	at com.mysql.jdbc.ConnectionImpl.coreConnect(ConnectionImpl.java:2191)
	at com.mysql.jdbc.ConnectionImpl.connectOneTryOnly(ConnectionImpl.java:2222)
	at com.mysql.jdbc.ConnectionImpl.createNewIO(ConnectionImpl.java:2017)
	at com.mysql.jdbc.ConnectionImpl.<init>(ConnectionImpl.java:779)
	at com.mysql.jdbc.JDBC4Connection.<init>(JDBC4Connection.java:47)
	at sun.reflect.GeneratedConstructorAccessor31.newInstance(Unknown Source)
	at sun.reflect.DelegatingConstructorAccessorImpl.newInstance(DelegatingConstructorAccessorImpl.java:45)
	at java.lang.reflect.Constructor.newInstance(Constructor.java:423)
	at com.mysql.jdbc.Util.handleNewInstance(Util.java:425)
	at com.mysql.jdbc.ConnectionImpl.getInstance(ConnectionImpl.java:389)
	at com.mysql.jdbc.NonRegisteringDriver.connect(NonRegisteringDriver.java:330)
	at com.alibaba.druid.pool.DruidAbstractDataSource.createPhysicalConnection(DruidAbstractDataSource.java:1375)
	at com.alibaba.druid.pool.DruidAbstractDataSource.createPhysicalConnection(DruidAbstractDataSource.java:1431)
	at com.alibaba.druid.pool.DruidDataSource$CreateConnectionThread.run(DruidDataSource.java:1888)
2018-11-07 15:50:38.087 [Druid-ConnectionPool-Create-757707624] ERROR com.alibaba.druid.pool.DruidDataSource - create connection error, url: jdbc:mysql://127.0.0.1:3306/base?characterEncoding=utf8
java.sql.SQLException: Access denied for user 'root'@'localhost' (using password: YES)
	at com.mysql.jdbc.SQLError.createSQLException(SQLError.java:964)
	at com.mysql.jdbc.MysqlIO.checkErrorPacket(MysqlIO.java:3973)
	at com.mysql.jdbc.MysqlIO.checkErrorPacket(MysqlIO.java:3909)
	at com.mysql.jdbc.MysqlIO.checkErrorPacket(MysqlIO.java:873)
	at com.mysql.jdbc.MysqlIO.proceedHandshakeWithPluggableAuthentication(MysqlIO.java:1710)
	at com.mysql.jdbc.MysqlIO.doHandshake(MysqlIO.java:1226)
	at com.mysql.jdbc.ConnectionImpl.coreConnect(ConnectionImpl.java:2191)
	at com.mysql.jdbc.ConnectionImpl.connectOneTryOnly(ConnectionImpl.java:2222)
	at com.mysql.jdbc.ConnectionImpl.createNewIO(ConnectionImpl.java:2017)
	at com.mysql.jdbc.ConnectionImpl.<init>(ConnectionImpl.java:779)
	at com.mysql.jdbc.JDBC4Connection.<init>(JDBC4Connection.java:47)
	at sun.reflect.GeneratedConstructorAccessor31.newInstance(Unknown Source)
	at sun.reflect.DelegatingConstructorAccessorImpl.newInstance(DelegatingConstructorAccessorImpl.java:45)
	at java.lang.reflect.Constructor.newInstance(Constructor.java:423)
	at com.mysql.jdbc.Util.handleNewInstance(Util.java:425)
	at com.mysql.jdbc.ConnectionImpl.getInstance(ConnectionImpl.java:389)
	at com.mysql.jdbc.NonRegisteringDriver.connect(NonRegisteringDriver.java:330)
	at com.alibaba.druid.pool.DruidAbstractDataSource.createPhysicalConnection(DruidAbstractDataSource.java:1375)
	at com.alibaba.druid.pool.DruidAbstractDataSource.createPhysicalConnection(DruidAbstractDataSource.java:1431)
	at com.alibaba.druid.pool.DruidDataSource$CreateConnectionThread.run(DruidDataSource.java:1888)
2018-11-07 15:50:38.090 [Druid-ConnectionPool-Create-757707624] ERROR com.alibaba.druid.pool.DruidDataSource - create connection error, url: jdbc:mysql://127.0.0.1:3306/base?characterEncoding=utf8
java.sql.SQLException: Access denied for user 'root'@'localhost' (using password: YES)
	at com.mysql.jdbc.SQLError.createSQLException(SQLError.java:964)
	at com.mysql.jdbc.MysqlIO.checkErrorPacket(MysqlIO.java:3973)
	at com.mysql.jdbc.MysqlIO.checkErrorPacket(MysqlIO.java:3909)
	at com.mysql.jdbc.MysqlIO.checkErrorPacket(MysqlIO.java:873)
	at com.mysql.jdbc.MysqlIO.proceedHandshakeWithPluggableAuthentication(MysqlIO.java:1710)
	at com.mysql.jdbc.MysqlIO.doHandshake(MysqlIO.java:1226)
	at com.mysql.jdbc.ConnectionImpl.coreConnect(ConnectionImpl.java:2191)
	at com.mysql.jdbc.ConnectionImpl.connectOneTryOnly(ConnectionImpl.java:2222)
	at com.mysql.jdbc.ConnectionImpl.createNewIO(ConnectionImpl.java:2017)
	at com.mysql.jdbc.ConnectionImpl.<init>(ConnectionImpl.java:779)
	at com.mysql.jdbc.JDBC4Connection.<init>(JDBC4Connection.java:47)
	at sun.reflect.GeneratedConstructorAccessor31.newInstance(Unknown Source)
	at sun.reflect.DelegatingConstructorAccessorImpl.newInstance(DelegatingConstructorAccessorImpl.java:45)
	at java.lang.reflect.Constructor.newInstance(Constructor.java:423)
	at com.mysql.jdbc.Util.handleNewInstance(Util.java:425)
	at com.mysql.jdbc.ConnectionImpl.getInstance(ConnectionImpl.java:389)
	at com.mysql.jdbc.NonRegisteringDriver.connect(NonRegisteringDriver.java:330)
	at com.alibaba.druid.pool.DruidAbstractDataSource.createPhysicalConnection(DruidAbstractDataSource.java:1375)
	at com.alibaba.druid.pool.DruidAbstractDataSource.createPhysicalConnection(DruidAbstractDataSource.java:1431)
	at com.alibaba.druid.pool.DruidDataSource$CreateConnectionThread.run(DruidDataSource.java:1888)
2018-11-07 15:50:38.092 [Druid-ConnectionPool-Create-757707624] ERROR com.alibaba.druid.pool.DruidDataSource - create connection error, url: jdbc:mysql://127.0.0.1:3306/base?characterEncoding=utf8
java.sql.SQLException: Access denied for user 'root'@'localhost' (using password: YES)
	at com.mysql.jdbc.SQLError.createSQLException(SQLError.java:964)
	at com.mysql.jdbc.MysqlIO.checkErrorPacket(MysqlIO.java:3973)
	at com.mysql.jdbc.MysqlIO.checkErrorPacket(MysqlIO.java:3909)
	at com.mysql.jdbc.MysqlIO.checkErrorPacket(MysqlIO.java:873)
	at com.mysql.jdbc.MysqlIO.proceedHandshakeWithPluggableAuthentication(MysqlIO.java:1710)
	at com.mysql.jdbc.MysqlIO.doHandshake(MysqlIO.java:1226)
	at com.mysql.jdbc.ConnectionImpl.coreConnect(ConnectionImpl.java:2191)
	at com.mysql.jdbc.ConnectionImpl.connectOneTryOnly(ConnectionImpl.java:2222)
	at com.mysql.jdbc.ConnectionImpl.createNewIO(ConnectionImpl.java:2017)
	at com.mysql.jdbc.ConnectionImpl.<init>(ConnectionImpl.java:779)
	at com.mysql.jdbc.JDBC4Connection.<init>(JDBC4Connection.java:47)
	at sun.reflect.GeneratedConstructorAccessor31.newInstance(Unknown Source)
	at sun.reflect.DelegatingConstructorAccessorImpl.newInstance(DelegatingConstructorAccessorImpl.java:45)
	at java.lang.reflect.Constructor.newInstance(Constructor.java:423)
	at com.mysql.jdbc.Util.handleNewInstance(Util.java:425)
	at com.mysql.jdbc.ConnectionImpl.getInstance(ConnectionImpl.java:389)
	at com.mysql.jdbc.NonRegisteringDriver.connect(NonRegisteringDriver.java:330)
	at com.alibaba.druid.pool.DruidAbstractDataSource.createPhysicalConnection(DruidAbstractDataSource.java:1375)
	at com.alibaba.druid.pool.DruidAbstractDataSource.createPhysicalConnection(DruidAbstractDataSource.java:1431)
	at com.alibaba.druid.pool.DruidDataSource$CreateConnectionThread.run(DruidDataSource.java:1888)
2018-11-07 15:50:38.095 [Druid-ConnectionPool-Create-757707624] ERROR com.alibaba.druid.pool.DruidDataSource - create connection error, url: jdbc:mysql://127.0.0.1:3306/base?characterEncoding=utf8
java.sql.SQLException: Access denied for user 'root'@'localhost' (using password: YES)
	at com.mysql.jdbc.SQLError.createSQLException(SQLError.java:964)
	at com.mysql.jdbc.MysqlIO.checkErrorPacket(MysqlIO.java:3973)
	at com.mysql.jdbc.MysqlIO.checkErrorPacket(MysqlIO.java:3909)
	at com.mysql.jdbc.MysqlIO.checkErrorPacket(MysqlIO.java:873)
	at com.mysql.jdbc.MysqlIO.proceedHandshakeWithPluggableAuthentication(MysqlIO.java:1710)
	at com.mysql.jdbc.MysqlIO.doHandshake(MysqlIO.java:1226)
	at com.mysql.jdbc.ConnectionImpl.coreConnect(ConnectionImpl.java:2191)
	at com.mysql.jdbc.ConnectionImpl.connectOneTryOnly(ConnectionImpl.java:2222)
	at com.mysql.jdbc.ConnectionImpl.createNewIO(ConnectionImpl.java:2017)
	at com.mysql.jdbc.ConnectionImpl.<init>(ConnectionImpl.java:779)
	at com.mysql.jdbc.JDBC4Connection.<init>(JDBC4Connection.java:47)
	at sun.reflect.GeneratedConstructorAccessor31.newInstance(Unknown Source)
	at sun.reflect.DelegatingConstructorAccessorImpl.newInstance(DelegatingConstructorAccessorImpl.java:45)
	at java.lang.reflect.Constructor.newInstance(Constructor.java:423)
	at com.mysql.jdbc.Util.handleNewInstance(Util.java:425)
	at com.mysql.jdbc.ConnectionImpl.getInstance(ConnectionImpl.java:389)
	at com.mysql.jdbc.NonRegisteringDriver.connect(NonRegisteringDriver.java:330)
	at com.alibaba.druid.pool.DruidAbstractDataSource.createPhysicalConnection(DruidAbstractDataSource.java:1375)
	at com.alibaba.druid.pool.DruidAbstractDataSource.createPhysicalConnection(DruidAbstractDataSource.java:1431)
	at com.alibaba.druid.pool.DruidDataSource$CreateConnectionThread.run(DruidDataSource.java:1888)
2018-11-07 15:50:38.097 [Druid-ConnectionPool-Create-757707624] ERROR com.alibaba.druid.pool.DruidDataSource - create connection error, url: jdbc:mysql://127.0.0.1:3306/base?characterEncoding=utf8
java.sql.SQLException: Access denied for user 'root'@'localhost' (using password: YES)
	at com.mysql.jdbc.SQLError.createSQLException(SQLError.java:964)
	at com.mysql.jdbc.MysqlIO.checkErrorPacket(MysqlIO.java:3973)
	at com.mysql.jdbc.MysqlIO.checkErrorPacket(MysqlIO.java:3909)
	at com.mysql.jdbc.MysqlIO.checkErrorPacket(MysqlIO.java:873)
	at com.mysql.jdbc.MysqlIO.proceedHandshakeWithPluggableAuthentication(MysqlIO.java:1710)
	at com.mysql.jdbc.MysqlIO.doHandshake(MysqlIO.java:1226)
	at com.mysql.jdbc.ConnectionImpl.coreConnect(ConnectionImpl.java:2191)
	at com.mysql.jdbc.ConnectionImpl.connectOneTryOnly(ConnectionImpl.java:2222)
	at com.mysql.jdbc.ConnectionImpl.createNewIO(ConnectionImpl.java:2017)
	at com.mysql.jdbc.ConnectionImpl.<init>(ConnectionImpl.java:779)
	at com.mysql.jdbc.JDBC4Connection.<init>(JDBC4Connection.java:47)
	at sun.reflect.GeneratedConstructorAccessor31.newInstance(Unknown Source)
	at sun.reflect.DelegatingConstructorAccessorImpl.newInstance(DelegatingConstructorAccessorImpl.java:45)
	at java.lang.reflect.Constructor.newInstance(Constructor.java:423)
	at com.mysql.jdbc.Util.handleNewInstance(Util.java:425)
	at com.mysql.jdbc.ConnectionImpl.getInstance(ConnectionImpl.java:389)
	at com.mysql.jdbc.NonRegisteringDriver.connect(NonRegisteringDriver.java:330)
	at com.alibaba.druid.pool.DruidAbstractDataSource.createPhysicalConnection(DruidAbstractDataSource.java:1375)
	at com.alibaba.druid.pool.DruidAbstractDataSource.createPhysicalConnection(DruidAbstractDataSource.java:1431)
	at com.alibaba.druid.pool.DruidDataSource$CreateConnectionThread.run(DruidDataSource.java:1888)
2018-11-07 15:50:38.100 [Druid-ConnectionPool-Create-757707624] ERROR com.alibaba.druid.pool.DruidDataSource - create connection error, url: jdbc:mysql://127.0.0.1:3306/base?characterEncoding=utf8
java.sql.SQLException: Access denied for user 'root'@'localhost' (using password: YES)
	at com.mysql.jdbc.SQLError.createSQLException(SQLError.java:964)
	at com.mysql.jdbc.MysqlIO.checkErrorPacket(MysqlIO.java:3973)
	at com.mysql.jdbc.MysqlIO.checkErrorPacket(MysqlIO.java:3909)
	at com.mysql.jdbc.MysqlIO.checkErrorPacket(MysqlIO.java:873)
	at com.mysql.jdbc.MysqlIO.proceedHandshakeWithPluggableAuthentication(MysqlIO.java:1710)
	at com.mysql.jdbc.MysqlIO.doHandshake(MysqlIO.java:1226)
	at com.mysql.jdbc.ConnectionImpl.coreConnect(ConnectionImpl.java:2191)
	at com.mysql.jdbc.ConnectionImpl.connectOneTryOnly(ConnectionImpl.java:2222)
	at com.mysql.jdbc.ConnectionImpl.createNewIO(ConnectionImpl.java:2017)
	at com.mysql.jdbc.ConnectionImpl.<init>(ConnectionImpl.java:779)
	at com.mysql.jdbc.JDBC4Connection.<init>(JDBC4Connection.java:47)
	at sun.reflect.GeneratedConstructorAccessor31.newInstance(Unknown Source)
	at sun.reflect.DelegatingConstructorAccessorImpl.newInstance(DelegatingConstructorAccessorImpl.java:45)
	at java.lang.reflect.Constructor.newInstance(Constructor.java:423)
	at com.mysql.jdbc.Util.handleNewInstance(Util.java:425)
	at com.mysql.jdbc.ConnectionImpl.getInstance(ConnectionImpl.java:389)
	at com.mysql.jdbc.NonRegisteringDriver.connect(NonRegisteringDriver.java:330)
	at com.alibaba.druid.pool.DruidAbstractDataSource.createPhysicalConnection(DruidAbstractDataSource.java:1375)
	at com.alibaba.druid.pool.DruidAbstractDataSource.createPhysicalConnection(DruidAbstractDataSource.java:1431)
	at com.alibaba.druid.pool.DruidDataSource$CreateConnectionThread.run(DruidDataSource.java:1888)
2018-11-07 15:50:38.103 [Druid-ConnectionPool-Create-757707624] ERROR com.alibaba.druid.pool.DruidDataSource - create connection error, url: jdbc:mysql://127.0.0.1:3306/base?characterEncoding=utf8
java.sql.SQLException: Access denied for user 'root'@'localhost' (using password: YES)
	at com.mysql.jdbc.SQLError.createSQLException(SQLError.java:964)
	at com.mysql.jdbc.MysqlIO.checkErrorPacket(MysqlIO.java:3973)
	at com.mysql.jdbc.MysqlIO.checkErrorPacket(MysqlIO.java:3909)
	at com.mysql.jdbc.MysqlIO.checkErrorPacket(MysqlIO.java:873)
	at com.mysql.jdbc.MysqlIO.proceedHandshakeWithPluggableAuthentication(MysqlIO.java:1710)
	at com.mysql.jdbc.MysqlIO.doHandshake(MysqlIO.java:1226)
	at com.mysql.jdbc.ConnectionImpl.coreConnect(ConnectionImpl.java:2191)
	at com.mysql.jdbc.ConnectionImpl.connectOneTryOnly(ConnectionImpl.java:2222)
	at com.mysql.jdbc.ConnectionImpl.createNewIO(ConnectionImpl.java:2017)
	at com.mysql.jdbc.ConnectionImpl.<init>(ConnectionImpl.java:779)
	at com.mysql.jdbc.JDBC4Connection.<init>(JDBC4Connection.java:47)
	at sun.reflect.GeneratedConstructorAccessor31.newInstance(Unknown Source)
	at sun.reflect.DelegatingConstructorAccessorImpl.newInstance(DelegatingConstructorAccessorImpl.java:45)
	at java.lang.reflect.Constructor.newInstance(Constructor.java:423)
	at com.mysql.jdbc.Util.handleNewInstance(Util.java:425)
	at com.mysql.jdbc.ConnectionImpl.getInstance(ConnectionImpl.java:389)
	at com.mysql.jdbc.NonRegisteringDriver.connect(NonRegisteringDriver.java:330)
	at com.alibaba.druid.pool.DruidAbstractDataSource.createPhysicalConnection(DruidAbstractDataSource.java:1375)
	at com.alibaba.druid.pool.DruidAbstractDataSource.createPhysicalConnection(DruidAbstractDataSource.java:1431)
	at com.alibaba.druid.pool.DruidDataSource$CreateConnectionThread.run(DruidDataSource.java:1888)
2018-11-07 15:51:08.111 [Druid-ConnectionPool-Create-757707624] ERROR com.alibaba.druid.pool.DruidDataSource - create connection error, url: jdbc:mysql://127.0.0.1:3306/base?characterEncoding=utf8
java.sql.SQLException: Access denied for user 'root'@'localhost' (using password: YES)
	at com.mysql.jdbc.SQLError.createSQLException(SQLError.java:964)
	at com.mysql.jdbc.MysqlIO.checkErrorPacket(MysqlIO.java:3973)
	at com.mysql.jdbc.MysqlIO.checkErrorPacket(MysqlIO.java:3909)
	at com.mysql.jdbc.MysqlIO.checkErrorPacket(MysqlIO.java:873)
	at com.mysql.jdbc.MysqlIO.proceedHandshakeWithPluggableAuthentication(MysqlIO.java:1710)
	at com.mysql.jdbc.MysqlIO.doHandshake(MysqlIO.java:1226)
	at com.mysql.jdbc.ConnectionImpl.coreConnect(ConnectionImpl.java:2191)
	at com.mysql.jdbc.ConnectionImpl.connectOneTryOnly(ConnectionImpl.java:2222)
	at com.mysql.jdbc.ConnectionImpl.createNewIO(ConnectionImpl.java:2017)
	at com.mysql.jdbc.ConnectionImpl.<init>(ConnectionImpl.java:779)
	at com.mysql.jdbc.JDBC4Connection.<init>(JDBC4Connection.java:47)
	at sun.reflect.GeneratedConstructorAccessor31.newInstance(Unknown Source)
	at sun.reflect.DelegatingConstructorAccessorImpl.newInstance(DelegatingConstructorAccessorImpl.java:45)
	at java.lang.reflect.Constructor.newInstance(Constructor.java:423)
	at com.mysql.jdbc.Util.handleNewInstance(Util.java:425)
	at com.mysql.jdbc.ConnectionImpl.getInstance(ConnectionImpl.java:389)
	at com.mysql.jdbc.NonRegisteringDriver.connect(NonRegisteringDriver.java:330)
	at com.alibaba.druid.pool.DruidAbstractDataSource.createPhysicalConnection(DruidAbstractDataSource.java:1375)
	at com.alibaba.druid.pool.DruidAbstractDataSource.createPhysicalConnection(DruidAbstractDataSource.java:1431)
	at com.alibaba.druid.pool.DruidDataSource$CreateConnectionThread.run(DruidDataSource.java:1888)
2018-11-07 15:51:25.426 [restartedMain] INFO  cn.sppan.base.Application - Starting Application on HT7Z782IX1XW036 with PID 9996 (E:\demo\SPPanAdmin\SPPanAdmin\admin\target\classes started by Administrator in E:\demo\SPPanAdmin\SPPanAdmin)
2018-11-07 15:51:25.429 [restartedMain] DEBUG cn.sppan.base.Application - Running with Spring Boot v1.5.9.RELEASE, Spring v4.3.13.RELEASE
2018-11-07 15:51:25.429 [restartedMain] INFO  cn.sppan.base.Application - No active profile set, falling back to default profiles: default
2018-11-07 15:51:25.557 [background-preinit] DEBUG org.jboss.logging - Logging Provider: org.jboss.logging.Slf4jLoggerProvider found via system property
2018-11-07 15:51:27.520 [restartedMain] INFO  com.alibaba.druid.pool.DruidDataSource - {dataSource-1} inited
2018-11-07 15:51:28.688 [restartedMain] DEBUG org.hibernate.SQL - alter table tb_resource drop foreign key FKf5ra2gn0xedeida2op8097sr5
2018-11-07 15:51:28.700 [restartedMain] DEBUG org.hibernate.SQL - alter table tb_role_resource drop foreign key FK868kc8iic48ilv5npa80ut6qo
2018-11-07 15:51:28.708 [restartedMain] DEBUG org.hibernate.SQL - alter table tb_role_resource drop foreign key FK7ffc7h6obqxflhj1aq1mk20jk
2018-11-07 15:51:28.714 [restartedMain] DEBUG org.hibernate.SQL - alter table tb_user_role drop foreign key FKea2ootw6b6bb0xt3ptl28bymv
2018-11-07 15:51:28.722 [restartedMain] DEBUG org.hibernate.SQL - alter table tb_user_role drop foreign key FK7vn3h53d0tqdimm8cp45gc0kl
2018-11-07 15:51:28.730 [restartedMain] DEBUG org.hibernate.SQL - drop table if exists tb_resource
2018-11-07 15:51:28.740 [restartedMain] DEBUG org.hibernate.SQL - drop table if exists tb_role
2018-11-07 15:51:28.748 [restartedMain] DEBUG org.hibernate.SQL - drop table if exists tb_role_resource
2018-11-07 15:51:28.755 [restartedMain] DEBUG org.hibernate.SQL - drop table if exists tb_user
2018-11-07 15:51:28.763 [restartedMain] DEBUG org.hibernate.SQL - drop table if exists tb_user_role
2018-11-07 15:51:28.770 [restartedMain] DEBUG org.hibernate.SQL - create table tb_resource (id integer not null auto_increment, create_time datetime, description varchar(255), icon varchar(255), is_hide integer, level integer, name varchar(255), sort integer, source_key varchar(255), source_url varchar(255), type integer, update_time datetime, parent_id integer, primary key (id))
2018-11-07 15:51:28.785 [restartedMain] DEBUG org.hibernate.SQL - create table tb_role (id integer not null auto_increment, create_time datetime, description varchar(255), name varchar(255), role_key varchar(255), status integer, update_time datetime, primary key (id))
2018-11-07 15:51:28.801 [restartedMain] DEBUG org.hibernate.SQL - create table tb_role_resource (role_id integer not null, resource_id integer not null, primary key (role_id, resource_id))
2018-11-07 15:51:28.817 [restartedMain] DEBUG org.hibernate.SQL - create table tb_user (id integer not null auto_increment, address varchar(255), avatar varchar(255), birthday datetime, create_time datetime, delete_status integer, description varchar(255), email varchar(255), locked integer, nick_name varchar(255), password varchar(255), sex integer, telephone varchar(255), update_time datetime, user_name varchar(255), primary key (id))
2018-11-07 15:51:28.834 [restartedMain] DEBUG org.hibernate.SQL - create table tb_user_role (user_id integer not null, role_id integer not null, primary key (user_id, role_id))
2018-11-07 15:51:28.855 [restartedMain] DEBUG org.hibernate.SQL - alter table tb_resource add constraint FKf5ra2gn0xedeida2op8097sr5 foreign key (parent_id) references tb_resource (id)
2018-11-07 15:51:28.896 [restartedMain] DEBUG org.hibernate.SQL - alter table tb_role_resource add constraint FK868kc8iic48ilv5npa80ut6qo foreign key (resource_id) references tb_resource (id)
2018-11-07 15:51:28.941 [restartedMain] DEBUG org.hibernate.SQL - alter table tb_role_resource add constraint FK7ffc7h6obqxflhj1aq1mk20jk foreign key (role_id) references tb_role (id)
2018-11-07 15:51:28.985 [restartedMain] DEBUG org.hibernate.SQL - alter table tb_user_role add constraint FKea2ootw6b6bb0xt3ptl28bymv foreign key (role_id) references tb_role (id)
2018-11-07 15:51:29.032 [restartedMain] DEBUG org.hibernate.SQL - alter table tb_user_role add constraint FK7vn3h53d0tqdimm8cp45gc0kl foreign key (user_id) references tb_user (id)
2018-11-07 15:51:29.919 [restartedMain] DEBUG org.hibernate.SQL - select resource0_.id as id1_0_, resource0_.create_time as create_t2_0_, resource0_.description as descript3_0_, resource0_.icon as icon4_0_, resource0_.is_hide as is_hide5_0_, resource0_.level as level6_0_, resource0_.name as name7_0_, resource0_.parent_id as parent_13_0_, resource0_.sort as sort8_0_, resource0_.source_key as source_k9_0_, resource0_.source_url as source_10_0_, resource0_.type as type11_0_, resource0_.update_time as update_12_0_ from tb_resource resource0_
2018-11-07 15:51:30.274 [restartedMain] INFO  org.apache.catalina.core.StandardService - Starting service [Tomcat]
2018-11-07 15:51:30.275 [restartedMain] INFO  org.apache.catalina.core.StandardEngine - Starting Servlet Engine: Apache Tomcat/8.5.23
2018-11-07 15:51:30.387 [localhost-startStop-1] INFO  org.apache.catalina.core.ContainerBase.[Tomcat].[localhost].[/] - Initializing Spring embedded WebApplicationContext
2018-11-07 15:51:30.874 [restartedMain] DEBUG net.sf.ehcache.config.ConfigurationFactory - Configuring ehcache from InputStream
2018-11-07 15:51:30.885 [restartedMain] DEBUG net.sf.ehcache.config.BeanHandler - Ignoring ehcache attribute xmlns:xsi
2018-11-07 15:51:30.885 [restartedMain] DEBUG net.sf.ehcache.config.BeanHandler - Ignoring ehcache attribute xsi:noNamespaceSchemaLocation
2018-11-07 15:51:30.886 [restartedMain] DEBUG net.sf.ehcache.config.DiskStoreConfiguration - Disk Store Path: C:\Users\ADMINI~1\AppData\Local\Temp\
2018-11-07 15:51:30.896 [restartedMain] DEBUG net.sf.ehcache.CacheManager - Creating new CacheManager with Configuration Object
2018-11-07 15:51:30.897 [restartedMain] DEBUG net.sf.ehcache.util.PropertyUtil - propertiesString is null.
2018-11-07 15:51:30.902 [restartedMain] DEBUG net.sf.ehcache.config.ConfigurationHelper - No CacheManagerEventListenerFactory class specified. Skipping...
2018-11-07 15:51:30.928 [restartedMain] DEBUG net.sf.ehcache.Cache - No BootstrapCacheLoaderFactory class specified. Skipping...
2018-11-07 15:51:30.928 [restartedMain] DEBUG net.sf.ehcache.Cache - CacheWriter factory not configured. Skipping...
2018-11-07 15:51:30.928 [restartedMain] DEBUG net.sf.ehcache.config.ConfigurationHelper - No CacheExceptionHandlerFactory class specified. Skipping...
2018-11-07 15:51:30.933 [restartedMain] DEBUG net.sf.ehcache.Cache - No BootstrapCacheLoaderFactory class specified. Skipping...
2018-11-07 15:51:30.933 [restartedMain] DEBUG net.sf.ehcache.Cache - CacheWriter factory not configured. Skipping...
2018-11-07 15:51:30.933 [restartedMain] DEBUG net.sf.ehcache.config.ConfigurationHelper - No CacheExceptionHandlerFactory class specified. Skipping...
2018-11-07 15:51:30.944 [restartedMain] DEBUG net.sf.ehcache.DiskStorePathManager - Using diskstore path C:\Users\ADMINI~1\AppData\Local\Temp
2018-11-07 15:51:30.944 [restartedMain] DEBUG net.sf.ehcache.DiskStorePathManager - Holding exclusive lock on C:\Users\ADMINI~1\AppData\Local\Temp\.ehcache-diskstore.lock
2018-11-07 15:51:30.944 [restartedMain] DEBUG net.sf.ehcache.store.disk.DiskStorageFactory - Failed to delete file resource%0043ache.data
2018-11-07 15:51:30.945 [restartedMain] DEBUG net.sf.ehcache.store.disk.DiskStorageFactory - Failed to delete file resource%0043ache.index
2018-11-07 15:51:30.949 [restartedMain] DEBUG net.sf.ehcache.store.disk.DiskStorageFactory - Matching data file missing (or empty) for index file. Deleting index file C:\Users\ADMINI~1\AppData\Local\Temp\resource%0043ache.index
2018-11-07 15:51:30.949 [restartedMain] DEBUG net.sf.ehcache.store.disk.DiskStorageFactory - Failed to delete file resource%0043ache.index
2018-11-07 15:51:30.982 [restartedMain] DEBUG net.sf.ehcache.statistics.extended.ExtendedStatisticsImpl - Mocking Pass-Through Statistic: LOCAL_OFFHEAP_SIZE
2018-11-07 15:51:30.982 [restartedMain] DEBUG net.sf.ehcache.statistics.extended.ExtendedStatisticsImpl - Mocking Pass-Through Statistic: LOCAL_OFFHEAP_SIZE_BYTES
2018-11-07 15:51:30.983 [restartedMain] DEBUG net.sf.ehcache.statistics.extended.ExtendedStatisticsImpl - Mocking Pass-Through Statistic: WRITER_QUEUE_LENGTH
2018-11-07 15:51:30.983 [restartedMain] DEBUG net.sf.ehcache.statistics.extended.ExtendedStatisticsImpl - Mocking Pass-Through Statistic: REMOTE_SIZE
2018-11-07 15:51:30.983 [restartedMain] DEBUG net.sf.ehcache.statistics.extended.ExtendedStatisticsImpl - Mocking Pass-Through Statistic: LAST_REJOIN_TIMESTAMP
2018-11-07 15:51:30.991 [restartedMain] DEBUG net.sf.ehcache.statistics.extended.ExtendedStatisticsImpl - Mocking Operation Statistic: OFFHEAP_GET
2018-11-07 15:51:30.992 [restartedMain] DEBUG net.sf.ehcache.statistics.extended.ExtendedStatisticsImpl - Mocking Operation Statistic: OFFHEAP_PUT
2018-11-07 15:51:30.992 [restartedMain] DEBUG net.sf.ehcache.statistics.extended.ExtendedStatisticsImpl - Mocking Operation Statistic: OFFHEAP_REMOVE
2018-11-07 15:51:30.993 [restartedMain] DEBUG net.sf.ehcache.statistics.extended.ExtendedStatisticsImpl - Mocking Operation Statistic: XA_COMMIT
2018-11-07 15:51:30.993 [restartedMain] DEBUG net.sf.ehcache.statistics.extended.ExtendedStatisticsImpl - Mocking Operation Statistic: XA_ROLLBACK
2018-11-07 15:51:30.993 [restartedMain] DEBUG net.sf.ehcache.statistics.extended.ExtendedStatisticsImpl - Mocking Operation Statistic: XA_RECOVERY
2018-11-07 15:51:30.994 [restartedMain] DEBUG net.sf.ehcache.statistics.extended.ExtendedStatisticsImpl - Mocking Operation Statistic: CLUSTER_EVENT
2018-11-07 15:51:30.994 [restartedMain] DEBUG net.sf.ehcache.statistics.extended.ExtendedStatisticsImpl - Mocking Operation Statistic: NONSTOP
2018-11-07 15:51:30.997 [restartedMain] DEBUG net.sf.ehcache.Cache - Initialised cache: resourceCache
2018-11-07 15:51:30.997 [restartedMain] DEBUG net.sf.ehcache.config.ConfigurationHelper - CacheDecoratorFactory not configured. Skipping for 'resourceCache'.
2018-11-07 15:51:30.997 [restartedMain] DEBUG net.sf.ehcache.config.ConfigurationHelper - CacheDecoratorFactory not configured for defaultCache. Skipping for 'resourceCache'.
2018-11-07 15:51:32.715 [restartedMain] INFO  org.apache.coyote.http11.Http11NioProtocol - Initializing ProtocolHandler ["http-nio-80"]
2018-11-07 15:51:32.725 [restartedMain] INFO  org.apache.coyote.http11.Http11NioProtocol - Starting ProtocolHandler ["http-nio-80"]
2018-11-07 15:51:32.734 [restartedMain] INFO  org.apache.tomcat.util.net.NioSelectorPool - Using a shared selector for servlet write/read
2018-11-07 15:51:32.754 [restartedMain] INFO  cn.sppan.base.Application - Started Application in 7.611 seconds (JVM running for 8.651)
2018-11-07 15:51:32.755 [restartedMain] DEBUG cn.sppan.base.Application - 
2018-11-07 15:51:57.515 [http-nio-80-exec-2] INFO  org.apache.catalina.core.ContainerBase.[Tomcat].[localhost].[/] - Initializing Spring FrameworkServlet 'dispatcherServlet'
2018-11-07 15:52:18.792 [http-nio-80-exec-6] DEBUG org.hibernate.SQL - select user0_.id as id1_3_, user0_.address as address2_3_, user0_.avatar as avatar3_3_, user0_.birthday as birthday4_3_, user0_.create_time as create_t5_3_, user0_.delete_status as delete_s6_3_, user0_.description as descript7_3_, user0_.email as email8_3_, user0_.locked as locked9_3_, user0_.nick_name as nick_na10_3_, user0_.password as passwor11_3_, user0_.sex as sex12_3_, user0_.telephone as telepho13_3_, user0_.update_time as update_14_3_, user0_.user_name as user_na15_3_ from tb_user user0_ where user0_.user_name=?
2018-11-07 15:52:18.915 [http-nio-80-exec-4] DEBUG org.hibernate.SQL - select user0_.id as id1_3_, user0_.address as address2_3_, user0_.avatar as avatar3_3_, user0_.birthday as birthday4_3_, user0_.create_time as create_t5_3_, user0_.delete_status as delete_s6_3_, user0_.description as descript7_3_, user0_.email as email8_3_, user0_.locked as locked9_3_, user0_.nick_name as nick_na10_3_, user0_.password as passwor11_3_, user0_.sex as sex12_3_, user0_.telephone as telepho13_3_, user0_.update_time as update_14_3_, user0_.user_name as user_na15_3_ from tb_user user0_ where user0_.user_name=?
2018-11-07 15:52:18.918 [http-nio-80-exec-4] DEBUG org.hibernate.SQL - select roles0_.user_id as user_id1_4_0_, roles0_.role_id as role_id2_4_0_, role1_.id as id1_1_1_, role1_.create_time as create_t2_1_1_, role1_.description as descript3_1_1_, role1_.name as name4_1_1_, role1_.role_key as role_key5_1_1_, role1_.status as status6_1_1_, role1_.update_time as update_t7_1_1_ from tb_user_role roles0_ inner join tb_role role1_ on roles0_.role_id=role1_.id where roles0_.user_id=?
2018-11-07 15:52:18.927 [http-nio-80-exec-4] DEBUG org.hibernate.SQL - select resources0_.role_id as role_id1_2_0_, resources0_.resource_id as resource2_2_0_, resource1_.id as id1_0_1_, resource1_.create_time as create_t2_0_1_, resource1_.description as descript3_0_1_, resource1_.icon as icon4_0_1_, resource1_.is_hide as is_hide5_0_1_, resource1_.level as level6_0_1_, resource1_.name as name7_0_1_, resource1_.parent_id as parent_13_0_1_, resource1_.sort as sort8_0_1_, resource1_.source_key as source_k9_0_1_, resource1_.source_url as source_10_0_1_, resource1_.type as type11_0_1_, resource1_.update_time as update_12_0_1_ from tb_role_resource resources0_ inner join tb_resource resource1_ on resources0_.resource_id=resource1_.id where resources0_.role_id=?
2018-11-07 15:52:24.869 [http-nio-80-exec-5] DEBUG org.hibernate.SQL - select user0_.id as id1_3_, user0_.address as address2_3_, user0_.avatar as avatar3_3_, user0_.birthday as birthday4_3_, user0_.create_time as create_t5_3_, user0_.delete_status as delete_s6_3_, user0_.description as descript7_3_, user0_.email as email8_3_, user0_.locked as locked9_3_, user0_.nick_name as nick_na10_3_, user0_.password as passwor11_3_, user0_.sex as sex12_3_, user0_.telephone as telepho13_3_, user0_.update_time as update_14_3_, user0_.user_name as user_na15_3_ from tb_user user0_ limit ?
2018-11-07 16:00:11.156 [http-nio-80-exec-1] DEBUG org.hibernate.SQL - select role0_.id as id1_1_, role0_.create_time as create_t2_1_, role0_.description as descript3_1_, role0_.name as name4_1_, role0_.role_key as role_key5_1_, role0_.status as status6_1_, role0_.update_time as update_t7_1_ from tb_role role0_ limit ?
2018-11-07 16:00:12.101 [http-nio-80-exec-3] DEBUG org.hibernate.SQL - select resource0_.id as id1_0_, resource0_.create_time as create_t2_0_, resource0_.description as descript3_0_, resource0_.icon as icon4_0_, resource0_.is_hide as is_hide5_0_, resource0_.level as level6_0_, resource0_.name as name7_0_, resource0_.parent_id as parent_13_0_, resource0_.sort as sort8_0_, resource0_.source_key as source_k9_0_, resource0_.source_url as source_10_0_, resource0_.type as type11_0_, resource0_.update_time as update_12_0_ from tb_resource resource0_
2018-11-07 16:00:13.711 [http-nio-80-exec-7] DEBUG org.hibernate.SQL - select resource0_.id as id1_0_, resource0_.create_time as create_t2_0_, resource0_.description as descript3_0_, resource0_.icon as icon4_0_, resource0_.is_hide as is_hide5_0_, resource0_.level as level6_0_, resource0_.name as name7_0_, resource0_.parent_id as parent_13_0_, resource0_.sort as sort8_0_, resource0_.source_key as source_k9_0_, resource0_.source_url as source_10_0_, resource0_.type as type11_0_, resource0_.update_time as update_12_0_ from tb_resource resource0_
2018-11-07 16:00:18.907 [http-nio-80-exec-1] DEBUG org.hibernate.SQL - select role0_.id as id1_1_, role0_.create_time as create_t2_1_, role0_.description as descript3_1_, role0_.name as name4_1_, role0_.role_key as role_key5_1_, role0_.status as status6_1_, role0_.update_time as update_t7_1_ from tb_role role0_ limit ?
2018-11-07 16:00:27.300 [http-nio-80-exec-6] DEBUG org.hibernate.SQL - select user0_.id as id1_3_, user0_.address as address2_3_, user0_.avatar as avatar3_3_, user0_.birthday as birthday4_3_, user0_.create_time as create_t5_3_, user0_.delete_status as delete_s6_3_, user0_.description as descript7_3_, user0_.email as email8_3_, user0_.locked as locked9_3_, user0_.nick_name as nick_na10_3_, user0_.password as passwor11_3_, user0_.sex as sex12_3_, user0_.telephone as telepho13_3_, user0_.update_time as update_14_3_, user0_.user_name as user_na15_3_ from tb_user user0_ limit ?
2018-11-07 16:01:53.131 [http-nio-80-exec-7] DEBUG org.hibernate.SQL - insert into tb_user (address, avatar, birthday, create_time, delete_status, description, email, locked, nick_name, password, sex, telephone, update_time, user_name) values (?, ?, ?, ?, ?, ?, ?, ?, ?, ?, ?, ?, ?, ?)
2018-11-07 16:01:57.334 [http-nio-80-exec-3] DEBUG org.hibernate.SQL - select role0_.id as id1_1_, role0_.create_time as create_t2_1_, role0_.description as descript3_1_, role0_.name as name4_1_, role0_.role_key as role_key5_1_, role0_.status as status6_1_, role0_.update_time as update_t7_1_ from tb_role role0_ limit ?
2018-11-07 16:01:58.037 [http-nio-80-exec-1] DEBUG org.hibernate.SQL - select user0_.id as id1_3_, user0_.address as address2_3_, user0_.avatar as avatar3_3_, user0_.birthday as birthday4_3_, user0_.create_time as create_t5_3_, user0_.delete_status as delete_s6_3_, user0_.description as descript7_3_, user0_.email as email8_3_, user0_.locked as locked9_3_, user0_.nick_name as nick_na10_3_, user0_.password as passwor11_3_, user0_.sex as sex12_3_, user0_.telephone as telepho13_3_, user0_.update_time as update_14_3_, user0_.user_name as user_na15_3_ from tb_user user0_ limit ?
2018-11-07 16:02:05.981 [http-nio-80-exec-7] DEBUG org.hibernate.SQL - select resource0_.id as id1_0_, resource0_.create_time as create_t2_0_, resource0_.description as descript3_0_, resource0_.icon as icon4_0_, resource0_.is_hide as is_hide5_0_, resource0_.level as level6_0_, resource0_.name as name7_0_, resource0_.parent_id as parent_13_0_, resource0_.sort as sort8_0_, resource0_.source_key as source_k9_0_, resource0_.source_url as source_10_0_, resource0_.type as type11_0_, resource0_.update_time as update_12_0_ from tb_resource resource0_
2018-11-07 16:02:27.019 [http-nio-80-exec-8] DEBUG org.hibernate.SQL - select role0_.id as id1_1_, role0_.create_time as create_t2_1_, role0_.description as descript3_1_, role0_.name as name4_1_, role0_.role_key as role_key5_1_, role0_.status as status6_1_, role0_.update_time as update_t7_1_ from tb_role role0_ limit ?
2018-11-07 16:02:30.573 [http-nio-80-exec-1] DEBUG org.hibernate.SQL - select user0_.id as id1_3_, user0_.address as address2_3_, user0_.avatar as avatar3_3_, user0_.birthday as birthday4_3_, user0_.create_time as create_t5_3_, user0_.delete_status as delete_s6_3_, user0_.description as descript7_3_, user0_.email as email8_3_, user0_.locked as locked9_3_, user0_.nick_name as nick_na10_3_, user0_.password as passwor11_3_, user0_.sex as sex12_3_, user0_.telephone as telepho13_3_, user0_.update_time as update_14_3_, user0_.user_name as user_na15_3_ from tb_user user0_ limit ?
2018-11-07 16:02:32.553 [http-nio-80-exec-10] DEBUG org.hibernate.SQL - select user0_.id as id1_3_0_, user0_.address as address2_3_0_, user0_.avatar as avatar3_3_0_, user0_.birthday as birthday4_3_0_, user0_.create_time as create_t5_3_0_, user0_.delete_status as delete_s6_3_0_, user0_.description as descript7_3_0_, user0_.email as email8_3_0_, user0_.locked as locked9_3_0_, user0_.nick_name as nick_na10_3_0_, user0_.password as passwor11_3_0_, user0_.sex as sex12_3_0_, user0_.telephone as telepho13_3_0_, user0_.update_time as update_14_3_0_, user0_.user_name as user_na15_3_0_ from tb_user user0_ where user0_.id=?
2018-11-07 16:15:07.977 [http-nio-80-exec-3] DEBUG org.hibernate.SQL - select user0_.id as id1_3_0_, user0_.address as address2_3_0_, user0_.avatar as avatar3_3_0_, user0_.birthday as birthday4_3_0_, user0_.create_time as create_t5_3_0_, user0_.delete_status as delete_s6_3_0_, user0_.description as descript7_3_0_, user0_.email as email8_3_0_, user0_.locked as locked9_3_0_, user0_.nick_name as nick_na10_3_0_, user0_.password as passwor11_3_0_, user0_.sex as sex12_3_0_, user0_.telephone as telepho13_3_0_, user0_.update_time as update_14_3_0_, user0_.user_name as user_na15_3_0_ from tb_user user0_ where user0_.id=?
2018-11-07 16:15:07.980 [http-nio-80-exec-3] DEBUG org.hibernate.SQL - select roles0_.user_id as user_id1_4_0_, roles0_.role_id as role_id2_4_0_, role1_.id as id1_1_1_, role1_.create_time as create_t2_1_1_, role1_.description as descript3_1_1_, role1_.name as name4_1_1_, role1_.role_key as role_key5_1_1_, role1_.status as status6_1_1_, role1_.update_time as update_t7_1_1_ from tb_user_role roles0_ inner join tb_role role1_ on roles0_.role_id=role1_.id where roles0_.user_id=?
2018-11-07 16:15:07.982 [http-nio-80-exec-3] DEBUG org.hibernate.SQL - select role0_.id as id1_1_, role0_.create_time as create_t2_1_, role0_.description as descript3_1_, role0_.name as name4_1_, role0_.role_key as role_key5_1_, role0_.status as status6_1_, role0_.update_time as update_t7_1_ from tb_role role0_
2018-11-07 16:15:11.149 [http-nio-80-exec-2] DEBUG org.hibernate.SQL - select user0_.id as id1_3_0_, user0_.address as address2_3_0_, user0_.avatar as avatar3_3_0_, user0_.birthday as birthday4_3_0_, user0_.create_time as create_t5_3_0_, user0_.delete_status as delete_s6_3_0_, user0_.description as descript7_3_0_, user0_.email as email8_3_0_, user0_.locked as locked9_3_0_, user0_.nick_name as nick_na10_3_0_, user0_.password as passwor11_3_0_, user0_.sex as sex12_3_0_, user0_.telephone as telepho13_3_0_, user0_.update_time as update_14_3_0_, user0_.user_name as user_na15_3_0_ from tb_user user0_ where user0_.id=?
2018-11-07 16:15:11.151 [http-nio-80-exec-2] DEBUG org.hibernate.SQL - select role0_.id as id1_1_0_, role0_.create_time as create_t2_1_0_, role0_.description as descript3_1_0_, role0_.name as name4_1_0_, role0_.role_key as role_key5_1_0_, role0_.status as status6_1_0_, role0_.update_time as update_t7_1_0_ from tb_role role0_ where role0_.id=?
2018-11-07 16:15:11.164 [http-nio-80-exec-2] DEBUG org.hibernate.SQL - delete from tb_user_role where user_id=?
2018-11-07 16:15:11.167 [http-nio-80-exec-2] DEBUG org.hibernate.SQL - insert into tb_user_role (user_id, role_id) values (?, ?)
2018-11-07 16:15:12.724 [http-nio-80-exec-10] DEBUG org.hibernate.SQL - select role0_.id as id1_1_, role0_.create_time as create_t2_1_, role0_.description as descript3_1_, role0_.name as name4_1_, role0_.role_key as role_key5_1_, role0_.status as status6_1_, role0_.update_time as update_t7_1_ from tb_role role0_ limit ?
2018-11-07 16:15:14.197 [http-nio-80-exec-7] DEBUG org.hibernate.SQL - select resource0_.id as id1_0_, resource0_.create_time as create_t2_0_, resource0_.description as descript3_0_, resource0_.icon as icon4_0_, resource0_.is_hide as is_hide5_0_, resource0_.level as level6_0_, resource0_.name as name7_0_, resource0_.parent_id as parent_13_0_, resource0_.sort as sort8_0_, resource0_.source_key as source_k9_0_, resource0_.source_url as source_10_0_, resource0_.type as type11_0_, resource0_.update_time as update_12_0_ from tb_resource resource0_
2018-11-07 16:15:17.837 [http-nio-80-exec-2] DEBUG org.hibernate.SQL - select resource0_.id as id1_0_0_, resource0_.create_time as create_t2_0_0_, resource0_.description as descript3_0_0_, resource0_.icon as icon4_0_0_, resource0_.is_hide as is_hide5_0_0_, resource0_.level as level6_0_0_, resource0_.name as name7_0_0_, resource0_.parent_id as parent_13_0_0_, resource0_.sort as sort8_0_0_, resource0_.source_key as source_k9_0_0_, resource0_.source_url as source_10_0_0_, resource0_.type as type11_0_0_, resource0_.update_time as update_12_0_0_ from tb_resource resource0_ where resource0_.id=?
2018-11-07 16:15:17.840 [http-nio-80-exec-2] DEBUG org.hibernate.SQL - select resource0_.id as id1_0_, resource0_.create_time as create_t2_0_, resource0_.description as descript3_0_, resource0_.icon as icon4_0_, resource0_.is_hide as is_hide5_0_, resource0_.level as level6_0_, resource0_.name as name7_0_, resource0_.parent_id as parent_13_0_, resource0_.sort as sort8_0_, resource0_.source_key as source_k9_0_, resource0_.source_url as source_10_0_, resource0_.type as type11_0_, resource0_.update_time as update_12_0_ from tb_resource resource0_
2018-11-07 16:15:20.150 [http-nio-80-exec-3] DEBUG org.hibernate.SQL - select user0_.id as id1_3_, user0_.address as address2_3_, user0_.avatar as avatar3_3_, user0_.birthday as birthday4_3_, user0_.create_time as create_t5_3_, user0_.delete_status as delete_s6_3_, user0_.description as descript7_3_, user0_.email as email8_3_, user0_.locked as locked9_3_, user0_.nick_name as nick_na10_3_, user0_.password as passwor11_3_, user0_.sex as sex12_3_, user0_.telephone as telepho13_3_, user0_.update_time as update_14_3_, user0_.user_name as user_na15_3_ from tb_user user0_ limit ?
2018-11-07 16:15:28.941 [http-nio-80-exec-1] DEBUG org.hibernate.SQL - select role0_.id as id1_1_, role0_.create_time as create_t2_1_, role0_.description as descript3_1_, role0_.name as name4_1_, role0_.role_key as role_key5_1_, role0_.status as status6_1_, role0_.update_time as update_t7_1_ from tb_role role0_ limit ?
2018-11-07 16:15:30.268 [http-nio-80-exec-7] DEBUG org.hibernate.SQL - select user0_.id as id1_3_, user0_.address as address2_3_, user0_.avatar as avatar3_3_, user0_.birthday as birthday4_3_, user0_.create_time as create_t5_3_, user0_.delete_status as delete_s6_3_, user0_.description as descript7_3_, user0_.email as email8_3_, user0_.locked as locked9_3_, user0_.nick_name as nick_na10_3_, user0_.password as passwor11_3_, user0_.sex as sex12_3_, user0_.telephone as telepho13_3_, user0_.update_time as update_14_3_, user0_.user_name as user_na15_3_ from tb_user user0_ limit ?
2018-11-07 16:15:35.397 [http-nio-80-exec-8] DEBUG org.hibernate.SQL - select user0_.id as id1_3_0_, user0_.address as address2_3_0_, user0_.avatar as avatar3_3_0_, user0_.birthday as birthday4_3_0_, user0_.create_time as create_t5_3_0_, user0_.delete_status as delete_s6_3_0_, user0_.description as descript7_3_0_, user0_.email as email8_3_0_, user0_.locked as locked9_3_0_, user0_.nick_name as nick_na10_3_0_, user0_.password as passwor11_3_0_, user0_.sex as sex12_3_0_, user0_.telephone as telepho13_3_0_, user0_.update_time as update_14_3_0_, user0_.user_name as user_na15_3_0_ from tb_user user0_ where user0_.id=?
2018-11-07 16:15:41.688 [http-nio-80-exec-6] DEBUG org.hibernate.SQL - select user0_.id as id1_3_0_, user0_.address as address2_3_0_, user0_.avatar as avatar3_3_0_, user0_.birthday as birthday4_3_0_, user0_.create_time as create_t5_3_0_, user0_.delete_status as delete_s6_3_0_, user0_.description as descript7_3_0_, user0_.email as email8_3_0_, user0_.locked as locked9_3_0_, user0_.nick_name as nick_na10_3_0_, user0_.password as passwor11_3_0_, user0_.sex as sex12_3_0_, user0_.telephone as telepho13_3_0_, user0_.update_time as update_14_3_0_, user0_.user_name as user_na15_3_0_ from tb_user user0_ where user0_.id=?
2018-11-07 16:15:41.689 [http-nio-80-exec-6] DEBUG org.hibernate.SQL - update tb_user set address=?, avatar=?, birthday=?, create_time=?, delete_status=?, description=?, email=?, locked=?, nick_name=?, password=?, sex=?, telephone=?, update_time=?, user_name=? where id=?
2018-11-07 16:15:43.923 [http-nio-80-exec-9] DEBUG org.hibernate.SQL - select user0_.id as id1_3_0_, user0_.address as address2_3_0_, user0_.avatar as avatar3_3_0_, user0_.birthday as birthday4_3_0_, user0_.create_time as create_t5_3_0_, user0_.delete_status as delete_s6_3_0_, user0_.description as descript7_3_0_, user0_.email as email8_3_0_, user0_.locked as locked9_3_0_, user0_.nick_name as nick_na10_3_0_, user0_.password as passwor11_3_0_, user0_.sex as sex12_3_0_, user0_.telephone as telepho13_3_0_, user0_.update_time as update_14_3_0_, user0_.user_name as user_na15_3_0_ from tb_user user0_ where user0_.id=?
2018-11-07 16:15:47.103 [http-nio-80-exec-1] DEBUG org.hibernate.SQL - select user0_.id as id1_3_, user0_.address as address2_3_, user0_.avatar as avatar3_3_, user0_.birthday as birthday4_3_, user0_.create_time as create_t5_3_, user0_.delete_status as delete_s6_3_, user0_.description as descript7_3_, user0_.email as email8_3_, user0_.locked as locked9_3_, user0_.nick_name as nick_na10_3_, user0_.password as passwor11_3_, user0_.sex as sex12_3_, user0_.telephone as telepho13_3_, user0_.update_time as update_14_3_, user0_.user_name as user_na15_3_ from tb_user user0_ limit ?
2018-11-07 16:15:58.789 [http-nio-80-exec-2] DEBUG org.hibernate.SQL - select role0_.id as id1_1_, role0_.create_time as create_t2_1_, role0_.description as descript3_1_, role0_.name as name4_1_, role0_.role_key as role_key5_1_, role0_.status as status6_1_, role0_.update_time as update_t7_1_ from tb_role role0_ limit ?
2018-11-07 16:16:12.267 [http-nio-80-exec-6] DEBUG org.hibernate.SQL - select role0_.id as id1_1_, role0_.create_time as create_t2_1_, role0_.description as descript3_1_, role0_.name as name4_1_, role0_.role_key as role_key5_1_, role0_.status as status6_1_, role0_.update_time as update_t7_1_ from tb_role role0_ limit ?
2018-11-07 16:16:14.127 [http-nio-80-exec-8] DEBUG org.hibernate.SQL - select role0_.id as id1_1_0_, role0_.create_time as create_t2_1_0_, role0_.description as descript3_1_0_, role0_.name as name4_1_0_, role0_.role_key as role_key5_1_0_, role0_.status as status6_1_0_, role0_.update_time as update_t7_1_0_ from tb_role role0_ where role0_.id=?
2018-11-07 16:16:23.493 [http-nio-80-exec-1] DEBUG org.hibernate.SQL - select role0_.id as id1_1_, role0_.create_time as create_t2_1_, role0_.description as descript3_1_, role0_.name as name4_1_, role0_.role_key as role_key5_1_, role0_.status as status6_1_, role0_.update_time as update_t7_1_ from tb_role role0_ limit ?
2018-11-07 16:16:24.134 [http-nio-80-exec-3] DEBUG org.hibernate.SQL - select user0_.id as id1_3_, user0_.address as address2_3_, user0_.avatar as avatar3_3_, user0_.birthday as birthday4_3_, user0_.create_time as create_t5_3_, user0_.delete_status as delete_s6_3_, user0_.description as descript7_3_, user0_.email as email8_3_, user0_.locked as locked9_3_, user0_.nick_name as nick_na10_3_, user0_.password as passwor11_3_, user0_.sex as sex12_3_, user0_.telephone as telepho13_3_, user0_.update_time as update_14_3_, user0_.user_name as user_na15_3_ from tb_user user0_ limit ?
2018-11-07 16:16:25.405 [http-nio-80-exec-2] DEBUG org.hibernate.SQL - select resource0_.id as id1_0_, resource0_.create_time as create_t2_0_, resource0_.description as descript3_0_, resource0_.icon as icon4_0_, resource0_.is_hide as is_hide5_0_, resource0_.level as level6_0_, resource0_.name as name7_0_, resource0_.parent_id as parent_13_0_, resource0_.sort as sort8_0_, resource0_.source_key as source_k9_0_, resource0_.source_url as source_10_0_, resource0_.type as type11_0_, resource0_.update_time as update_12_0_ from tb_resource resource0_
